Using: cuda
Running: model=NA_ALISTA_UR_128__m=100__s=8__k=1__noise=GaussianNoise10__n=256
m
100
[628 285 809 540 237 473 495 743 489 547 745 576 299 666 567 453 449 754
 793 417 546 681 421 343 561 213 217 214 427 547 252 572 216 542 221 749
 395 523 714 747 555 674 403 662 768 474 450 746 348 294 270 345 338 773
 723 702 417 439 498 432 514 524 739 415 775 441 359 722 577 384 309 281
 648 615 476 787 626 488 213 219 317 602 802 753 633 521 756 557 233 487
 795 568 529 746 415 438 663 231 348 453]
NO RECON: -0.6905321994832085
saving!
0 -2.291498336646134 -3.1447648495642118
NO RECON: -0.6903980260274569
saving!
1 -3.4861443058634327 -3.660007323755092
NO RECON: -0.6903835042351671
saving!
2 -3.694220548259277 -3.706878997048003
NO RECON: -0.6903789930845499
saving!
3 -3.7116674687863926 -3.7151291209584567
NO RECON: -0.6905025971181089
4 -3.714855171460074 -3.7146108479413003
NO RECON: -0.6904630479080366
saving!
5 -3.7148387236088674 -3.715841165521806
NO RECON: -0.6904209166789922
saving!
6 -3.7170449723389014 -3.7164507755858143
NO RECON: -0.6904680054877819
saving!
7 -3.7203029183216776 -3.722908324036874
NO RECON: -0.6905074272156014
saving!
8 -3.722859484472557 -3.727027691844663
NO RECON: -0.6904806943671862
saving!
9 -3.7253089601725735 -3.7298375133172468
NO RECON: -0.6903621918793047
saving!
10 -3.730752656843533 -3.73065001109768
NO RECON: -0.6904581222154373
saving!
11 -3.7375423107054324 -3.737938679022497
NO RECON: -0.6904206775698916
saving!
12 -3.7439565931650876 -3.7461618455450134
NO RECON: -0.6903346310296805
saving!
13 -3.7510736687865447 -3.7521367586072616
NO RECON: -0.6902874161460476
saving!
14 -3.75751149372414 -3.7590186669824037
NO RECON: -0.6904309114511733
saving!
15 -3.7620036959485565 -3.7657578068756656
NO RECON: -0.6904000823554273
saving!
16 -3.764767266995146 -3.7679521163390506
NO RECON: -0.6904491635267139
saving!
17 -3.767752416456402 -3.7704439429070713
NO RECON: -0.6905026768226439
18 -3.7668092086155203 -3.7689467225294826
NO RECON: -0.6903596892385445
saving!
19 -3.769156182380604 -3.7720934667908104
NO RECON: -0.6904540892091524
20 -3.7696979077363553 -3.7716244296607497
NO RECON: -0.6904615016544186
21 -3.7690984237046496 -3.7703484856757075
NO RECON: -0.6904950411347859
22 -3.7686882279670053 -3.769622849299771
NO RECON: -0.6904758164769982
23 -3.770050577728039 -3.768433952727015
NO RECON: -0.6903457733069919
24 -3.7693519340942396 -3.768622987851522
NO RECON: -0.6904100930202279
25 -3.7690940855174064 -3.767985871153897
NO RECON: -0.6904598438160993
26 -3.7699627773056514 -3.77174705563451
NO RECON: -0.6903839824492884
27 -3.7709762310834574 -3.771018706849153
NO RECON: -0.690460927787236
28 -3.7684108924875037 -3.7687863661637753
NO RECON: -0.6903827709736172
29 -3.7691715768230774 -3.770301786423377
NO RECON: -0.6904220803434697
30 -3.7705538227039255 -3.7693916967094854
NO RECON: -0.6904339879965226
31 -3.7690866380103127 -3.771643905700663
NO RECON: -0.6903821652359083
saving!
32 -3.7707128548429085 -3.7731246158975758
NO RECON: -0.6904195617275964
33 -3.7694756396884754 -3.770184254904794
NO RECON: -0.6904632710787071
34 -3.770490681800618 -3.7690260042044663
NO RECON: -0.6904694401582177
35 -3.7708514673473283 -3.7705904778082813
NO RECON: -0.6904175850933768
saving!
36 -3.770957790809226 -3.7735444224557706
NO RECON: -0.690416038855945
37 -3.7709173155249576 -3.7717905135032077
NO RECON: -0.6904610074910067
38 -3.7696872811059805 -3.769523701421651
NO RECON: -0.690433653242778
39 -3.770383178441711 -3.7687817027530994
NO RECON: -0.6903863575802036
40 -3.7719501961884125 -3.7724926727497383
NO RECON: -0.6904742702188342
41 -3.769713676392205 -3.772072400677437
NO RECON: -0.6904874373420549
saving!
42 -3.7704194143523386 -3.7743862812740483
NO RECON: -0.6905091169539467
43 -3.770942305792102 -3.7735295415573944
NO RECON: -0.6904744933900814
44 -3.772732828538733 -3.7730390678028773
NO RECON: -0.6904219528185804
45 -3.772623507833201 -3.7704974795711497
NO RECON: -0.69032313809548
46 -3.772257093273365 -3.772445091514664
NO RECON: -0.690316315674585
saving!
47 -3.7720521643026017 -3.775042580362944
NO RECON: -0.6904652955560299
48 -3.7719481154217553 -3.769666091569344
NO RECON: -0.6904660128907409
49 -3.772459851907557 -3.7731567252327847
NO RECON: -0.6905223957696733
saving!
50 -3.7718769738770472 -3.7752792070273404
NO RECON: -0.690408100449758
saving!
51 -3.7727862014972517 -3.776755868973158
NO RECON: -0.6904171706379287
52 -3.7730812183354545 -3.7737126547205895
NO RECON: -0.6903520538020803
53 -3.772199277366105 -3.7749063053413723
NO RECON: -0.6903934510997292
saving!
54 -3.7725789434227996 -3.7770745323162895
NO RECON: -0.6903654277800051
55 -3.7722309160294545 -3.7736517350190866
NO RECON: -0.6904366182054144
56 -3.7738679048986783 -3.775496239651581
NO RECON: -0.6904582019191567
57 -3.7743343615599474 -3.7731268364749537
NO RECON: -0.6904741267516096
58 -3.7755668212439364 -3.771677916066313
NO RECON: -0.6903993969126623
59 -3.7738009127321877 -3.775126838215212
NO RECON: -0.6904210282632437
60 -3.7728715783946494 -3.7762988502238546
NO RECON: -0.6904182705390122
61 -3.774101832355899 -3.7740842217996597
NO RECON: -0.6904355501810058
62 -3.7734747522314276 -3.7753590584630348
NO RECON: -0.6904152577671421
63 -3.773326478297603 -3.7732592303225925
NO RECON: -0.6903334195677759
64 -3.7753667643631488 -3.774644291169503
NO RECON: -0.6904551731788526
saving!
65 -3.7756260886898962 -3.7774109687138493
NO RECON: -0.6904238338110793
66 -3.7760948551157147 -3.7749172830732567
NO RECON: -0.6904300825377735
67 -3.7747626542738777 -3.776797884539623
NO RECON: -0.6904731224811715
68 -3.775587337237296 -3.7730631371513903
NO RECON: -0.6904227020273592
69 -3.775230960939468 -3.7731976686264757
NO RECON: -0.6904103321287459
70 -3.7759536398053783 -3.774253334254815
NO RECON: -0.6904604176831382
71 -3.7758049677189334 -3.7745595724740957
NO RECON: -0.6905011464958183
72 -3.7753346164488057 -3.776830669941588
NO RECON: -0.6903716286013843
saving!
73 -3.7750283804618308 -3.778331714736789
NO RECON: -0.6904823840951296
74 -3.775406921245029 -3.7752892289181874
NO RECON: -0.690441527932941
75 -3.7751125703595885 -3.776526250538975
NO RECON: -0.6904658056607014
76 -3.776763598262561 -3.7760882166855403
NO RECON: -0.6904203428171729
77 -3.7758730138238707 -3.7753463606243787
NO RECON: -0.6904122290567873
78 -3.7763805462533115 -3.773789494519665
saving results to res/models/model=NA_ALISTA_UR_128__m=100__s=8__k=1__noise=GaussianNoise10__n=256/train_log
Done.
Running: model=NA_ALISTA_UR_128__m=100__s=8__k=2__noise=GaussianNoise10__n=256
m
100
[628 285 809 540 237 473 495 743 489 547 745 576 299 666 567 453 449 754
 793 417 546 681 421 343 561 213 217 214 427 547 252 572 216 542 221 749
 395 523 714 747 555 674 403 662 768 474 450 746 348 294 270 345 338 773
 723 702 417 439 498 432 514 524 739 415 775 441 359 722 577 384 309 281
 648 615 476 787 626 488 213 219 317 602 802 753 633 521 756 557 233 487
 795 568 529 746 415 438 663 231 348 453]
NO RECON: -0.6905321994832085
saving!
0 -3.2383957791882887 -4.039073408864279
NO RECON: -0.6903980260274569
saving!
1 -4.815005992225873 -5.593360429567741
NO RECON: -0.6903835042351671
saving!
2 -6.009218424636896 -6.301606199058681
NO RECON: -0.6903789930845499
saving!
3 -6.406249771813187 -6.487550851046425
NO RECON: -0.6905025971181089
saving!
4 -6.543020036606766 -6.590263404683113
NO RECON: -0.6904630479080366
saving!
5 -6.64754014268226 -6.71952194960639
NO RECON: -0.6904209166789922
saving!
6 -6.76837570394473 -6.7868582443452885
NO RECON: -0.6904680054877819
7 -6.78782418660277 -6.785595607364292
NO RECON: -0.6905074272156014
saving!
8 -6.79239807341757 -6.794631586195205
NO RECON: -0.6904806943671862
saving!
9 -6.796818608032401 -6.798909060732724
NO RECON: -0.6903621918793047
saving!
10 -6.8029820969239365 -6.8040457507386805
NO RECON: -0.6904581222154373
saving!
11 -6.805741167362095 -6.806500818725239
NO RECON: -0.6904206775698916
12 -6.810571947650938 -6.805830284684009
NO RECON: -0.6903346310296805
saving!
13 -6.821993592908196 -6.816855080067958
NO RECON: -0.6902874161460476
saving!
14 -6.827208418085043 -6.824595066037482
NO RECON: -0.6904309114511733
saving!
15 -6.8309284194941124 -6.837483258323056
NO RECON: -0.6904000823554273
saving!
16 -6.839409224730212 -6.848410646966878
NO RECON: -0.6904491635267139
saving!
17 -6.847157333958584 -6.852186908131318
NO RECON: -0.6905026768226439
saving!
18 -6.852083301205719 -6.852758738608036
NO RECON: -0.6903596892385445
19 -6.857005915192053 -6.852479936524849
NO RECON: -0.6904540892091524
saving!
20 -6.856991336987306 -6.867949042555924
NO RECON: -0.6904615016544186
21 -6.858689604281282 -6.863713880354531
NO RECON: -0.6904950411347859
saving!
22 -6.866265765836557 -6.875441138292009
NO RECON: -0.6904758164769982
23 -6.870609934105206 -6.865734094909216
NO RECON: -0.6903457733069919
saving!
24 -6.869677170252151 -6.879042795280128
NO RECON: -0.6904100930202279
25 -6.873893703596176 -6.876738237322552
NO RECON: -0.6904598438160993
saving!
26 -6.877080740568394 -6.881205757857281
NO RECON: -0.6903839824492884
saving!
27 -6.883642363447393 -6.884392258532377
NO RECON: -0.690460927787236
28 -6.885756263364835 -6.882784072521999
NO RECON: -0.6903827709736172
29 -6.888942154002114 -6.8827738735643385
NO RECON: -0.6904220803434697
30 -6.889241373088111 -6.882751286689705
NO RECON: -0.6904339879965226
saving!
31 -6.89340833787329 -6.89144627404823
NO RECON: -0.6903821652359083
32 -6.8897824315628045 -6.890548594337074
NO RECON: -0.6904195617275964
saving!
33 -6.893434952869155 -6.896072162116063
NO RECON: -0.6904632710787071
34 -6.892775804635556 -6.881789728778825
NO RECON: -0.6904694401582177
saving!
35 -6.897122767942619 -6.896727594600765
NO RECON: -0.6904175850933768
36 -6.899098315617456 -6.8921930141690035
NO RECON: -0.690416038855945
saving!
37 -6.897001548696123 -6.902030953331404
NO RECON: -0.6904610074910067
38 -6.900046268177479 -6.899698518235098
NO RECON: -0.690433653242778
saving!
39 -6.900786685866703 -6.902631275687224
NO RECON: -0.6903863575802036
40 -6.90050228964608 -6.898867526022174
NO RECON: -0.6904742702188342
saving!
41 -6.899209252013383 -6.904491957510533
NO RECON: -0.6904874373420549
42 -6.900301194536906 -6.902233911207427
NO RECON: -0.6905091169539467
saving!
43 -6.901392890543376 -6.906125860277954
NO RECON: -0.6904744933900814
44 -6.903213695999684 -6.900959834692333
NO RECON: -0.6904219528185804
saving!
45 -6.903720276010457 -6.908001868155376
NO RECON: -0.69032313809548
saving!
46 -6.901229631778385 -6.909740349786393
NO RECON: -0.690316315674585
47 -6.904204073726592 -6.904245162691972
NO RECON: -0.6904652955560299
48 -6.905596580108833 -6.8913069776444065
NO RECON: -0.6904660128907409
saving!
49 -6.907203345109885 -6.9103018683800865
NO RECON: -0.6905223957696733
50 -6.906893798212215 -6.898937453152544
NO RECON: -0.690408100449758
51 -6.9053249569932 -6.907532310702258
NO RECON: -0.6904171706379287
52 -6.905381693408344 -6.908470358683841
NO RECON: -0.6903520538020803
saving!
53 -6.904338407391423 -6.917071585318699
NO RECON: -0.6903934510997292
54 -6.905880006887547 -6.906624796967292
NO RECON: -0.6903654277800051
55 -6.9079042438249285 -6.901794075639015
NO RECON: -0.6904366182054144
56 -6.907974883803347 -6.90333585282548
NO RECON: -0.6904582019191567
57 -6.907171239217104 -6.903632069597001
NO RECON: -0.6904741267516096
58 -6.909199992349385 -6.895281695641478
NO RECON: -0.6903993969126623
59 -6.909136642320149 -6.911109412264586
NO RECON: -0.6904210282632437
saving!
60 -6.909828127584521 -6.922264454451815
NO RECON: -0.6904182705390122
61 -6.9071457107151915 -6.9127594330122
NO RECON: -0.6904355501810058
62 -6.90835222091194 -6.89796082240611
NO RECON: -0.6904152577671421
63 -6.90616155305015 -6.9132179158579445
NO RECON: -0.6903334195677759
64 -6.909180363644473 -6.914875654601902
NO RECON: -0.6904551731788526
65 -6.9096410414877045 -6.91230323593306
NO RECON: -0.6904238338110793
66 -6.909568359689282 -6.907111566837548
NO RECON: -0.6904300825377735
67 -6.91238395424048 -6.916289888726234
NO RECON: -0.6904731224811715
68 -6.911355748834445 -6.918071098354039
NO RECON: -0.6904227020273592
69 -6.910357195842963 -6.918101510292659
NO RECON: -0.6904103321287459
70 -6.910240553480284 -6.8962908615152045
NO RECON: -0.6904604176831382
71 -6.906732050337647 -6.912736038408935
NO RECON: -0.6905011464958183
72 -6.911114245946185 -6.918945973875678
NO RECON: -0.6903716286013843
73 -6.911241097317191 -6.916306751296563
NO RECON: -0.6904823840951296
74 -6.911147408891192 -6.916065283528122
NO RECON: -0.690441527932941
75 -6.9116370912346135 -6.914016397740764
NO RECON: -0.6904658056607014
76 -6.911861796898226 -6.908108639848204
NO RECON: -0.6904203428171729
77 -6.912151956057598 -6.911936222506805
NO RECON: -0.6904122290567873
78 -6.912578843271965 -6.915114332893655
NO RECON: -0.6903696360485618
79 -6.914726470710626 -6.91381779906872
NO RECON: -0.6904609437279903
80 -6.911018741112208 -6.920643992448319
NO RECON: -0.690414349153814
81 -6.915618168091163 -6.910990582080907
NO RECON: -0.6903257204164654
82 -6.914586010850656 -6.922004950465924
NO RECON: -0.6905247390943104
83 -6.917779596206465 -6.915947270184103
NO RECON: -0.690452973358272
84 -6.909821376086209 -6.912559672872174
NO RECON: -0.6905350369849139
85 -6.909591375931403 -6.908221102420084
NO RECON: -0.6904658534830171
saving!
86 -6.9118469753639245 -6.929480611832121
NO RECON: -0.6904439190360189
87 -6.916739315166462 -6.916626467322928
saving results to res/models/model=NA_ALISTA_UR_128__m=100__s=8__k=2__noise=GaussianNoise10__n=256/train_log
Done.
Running: model=NA_ALISTA_UR_128__m=100__s=8__k=4__noise=GaussianNoise10__n=256
m
100
[628 285 809 540 237 473 495 743 489 547 745 576 299 666 567 453 449 754
 793 417 546 681 421 343 561 213 217 214 427 547 252 572 216 542 221 749
 395 523 714 747 555 674 403 662 768 474 450 746 348 294 270 345 338 773
 723 702 417 439 498 432 514 524 739 415 775 441 359 722 577 384 309 281
 648 615 476 787 626 488 213 219 317 602 802 753 633 521 756 557 233 487
 795 568 529 746 415 438 663 231 348 453]
NO RECON: -0.6905321994832085
saving!
0 -4.994161175761935 -6.242126933338089
NO RECON: -0.6903980260274569
saving!
1 -7.914971723750175 -9.832743627995798
NO RECON: -0.6903835042351671
saving!
2 -10.955305978284375 -11.698336866812518
NO RECON: -0.6903789930845499
saving!
3 -11.978516662694725 -12.043426476554828
NO RECON: -0.6905025971181089
saving!
4 -12.242221186865383 -12.277729357550761
NO RECON: -0.6904630479080366
saving!
5 -12.416580622374163 -12.388136559201309
NO RECON: -0.6904209166789922
saving!
6 -12.502276257818464 -12.43754143282949
NO RECON: -0.6904680054877819
7 -12.534744500324784 -12.435399737030071
NO RECON: -0.6905074272156014
saving!
8 -12.549891852817296 -12.479383816092422
NO RECON: -0.6904806943671862
saving!
9 -12.567903028621243 -12.483053226500274
NO RECON: -0.6903621918793047
10 -12.591593983924538 -12.471137305594803
NO RECON: -0.6904581222154373
saving!
11 -12.588685091591682 -12.532774710557398
NO RECON: -0.6904206775698916
12 -12.594121358953972 -12.508763538199963
NO RECON: -0.6903346310296805
13 -12.600459186369878 -12.519718797722259
NO RECON: -0.6902874161460476
14 -12.61328566516532 -12.520771504188923
NO RECON: -0.6904309114511733
15 -12.608275229352294 -12.526516150175816
NO RECON: -0.6904000823554273
16 -12.621485228347279 -12.531907287971167
NO RECON: -0.6904491635267139
saving!
17 -12.630454837382239 -12.546503156653184
NO RECON: -0.6905026768226439
18 -12.632009199970124 -12.527762660166342
NO RECON: -0.6903596892385445
saving!
19 -12.65425400076733 -12.556536771838662
NO RECON: -0.6904540892091524
saving!
20 -12.654857169067403 -12.562832995393808
NO RECON: -0.6904615016544186
21 -12.668244109195987 -12.555573847740716
NO RECON: -0.6904950411347859
saving!
22 -12.67204821005619 -12.565526329320155
NO RECON: -0.6904758164769982
saving!
23 -12.684621953602859 -12.602701620615129
NO RECON: -0.6903457733069919
24 -12.703460692220576 -12.597644833961397
NO RECON: -0.6904100930202279
saving!
25 -12.720242909971414 -12.606820188304262
NO RECON: -0.6904598438160993
saving!
26 -12.731077612411914 -12.63137529465923
NO RECON: -0.6903839824492884
saving!
27 -12.759999160921616 -12.66108781158028
NO RECON: -0.690460927787236
saving!
28 -12.798595306938566 -12.725120614926917
NO RECON: -0.6903827709736172
saving!
29 -12.827462699298682 -12.749388141743445
NO RECON: -0.6904220803434697
saving!
30 -12.847821196691132 -12.786818251553449
NO RECON: -0.6904339879965226
31 -12.868274255857461 -12.779444605314394
NO RECON: -0.6903821652359083
saving!
32 -12.888004775483726 -12.79691917155066
NO RECON: -0.6904195617275964
saving!
33 -12.885948579905032 -12.83015154863881
NO RECON: -0.6904632710787071
34 -12.909770930383832 -12.813121108723116
NO RECON: -0.6904694401582177
35 -12.90301300828753 -12.823291765109076
NO RECON: -0.6904175850933768
saving!
36 -12.911644704691607 -12.852727396479068
NO RECON: -0.690416038855945
37 -12.920795239862615 -12.848487099339732
NO RECON: -0.6904610074910067
38 -12.917488683137437 -12.839225223593672
NO RECON: -0.690433653242778
saving!
39 -12.93470107770849 -12.85476561829582
NO RECON: -0.6903863575802036
saving!
40 -12.9484674745948 -12.881437451723102
NO RECON: -0.6904742702188342
saving!
41 -12.945343333944964 -12.888945145955722
NO RECON: -0.6904874373420549
42 -12.953934847629975 -12.86712034644258
NO RECON: -0.6905091169539467
43 -12.961772802217572 -12.884498093660358
NO RECON: -0.6904744933900814
44 -12.97589993713514 -12.884338692338615
NO RECON: -0.6904219528185804
saving!
45 -12.973242009800925 -12.911498000447864
NO RECON: -0.69032313809548
46 -12.980506338132582 -12.89037853185081
NO RECON: -0.690316315674585
saving!
47 -12.988119726449057 -12.923352056417905
NO RECON: -0.6904652955560299
48 -12.99596076599139 -12.910798494711315
NO RECON: -0.6904660128907409
saving!
49 -13.008741659194287 -12.925245807993633
NO RECON: -0.6905223957696733
saving!
50 -13.02049194500145 -12.933910767364532
NO RECON: -0.690408100449758
saving!
51 -13.010867088195486 -12.946196573562009
NO RECON: -0.6904171706379287
52 -13.036140151840668 -12.944188971566046
NO RECON: -0.6903520538020803
saving!
53 -13.044144103432052 -12.986871381063846
NO RECON: -0.6903934510997292
54 -13.055313791245911 -12.958025873916055
NO RECON: -0.6903654277800051
55 -13.061664317841238 -12.979759132899629
NO RECON: -0.6904366182054144
saving!
56 -13.074494776815529 -12.999651864580484
NO RECON: -0.6904582019191567
57 -13.076188414696198 -12.983240027045346
NO RECON: -0.6904741267516096
saving!
58 -13.082691748968253 -13.006993293186866
NO RECON: -0.6903993969126623
59 -13.10507543831045 -13.001240757238222
NO RECON: -0.6904210282632437
60 -13.09828052020392 -12.995319107986843
NO RECON: -0.6904182705390122
saving!
61 -13.096682400638027 -13.021576251028826
NO RECON: -0.6904355501810058
62 -13.098498840211379 -13.017830215459597
NO RECON: -0.6904152577671421
63 -13.09835187298329 -13.01161101907062
NO RECON: -0.6903334195677759
64 -13.113749921614735 -13.020969950085595
NO RECON: -0.6904551731788526
65 -13.123236908725477 -12.99847053926596
NO RECON: -0.6904238338110793
saving!
66 -13.118902600872351 -13.031253463201217
NO RECON: -0.6904300825377735
saving!
67 -13.126175287827062 -13.039937497194012
NO RECON: -0.6904731224811715
68 -13.131067064155296 -13.010978160086955
NO RECON: -0.6904227020273592
69 -13.12668368790707 -13.035001031651879
NO RECON: -0.6904103321287459
70 -13.123087440490583 -13.030542803606703
NO RECON: -0.6904604176831382
71 -13.126967855703253 -13.019949869925549
NO RECON: -0.6905011464958183
saving!
72 -13.133608222608466 -13.043293466652933
NO RECON: -0.6903716286013843
73 -13.12266293007228 -13.033624416197224
NO RECON: -0.6904823840951296
74 -13.143860011369675 -13.024606928511089
NO RECON: -0.690441527932941
saving!
75 -13.126256186153366 -13.044672962427143
NO RECON: -0.6904658056607014
saving!
76 -13.141225288143247 -13.054406316528283
NO RECON: -0.6904203428171729
77 -13.138935857436529 -13.051707228718119
NO RECON: -0.6904122290567873
78 -13.140817861229852 -13.04472439323429
NO RECON: -0.6903696360485618
79 -13.138520064524677 -13.043994019793956
NO RECON: -0.6904609437279903
80 -13.152965535328416 -13.036285576891544
NO RECON: -0.690414349153814
81 -13.14356022721773 -13.046538326880512
NO RECON: -0.6903257204164654
saving!
82 -13.14365735546782 -13.056533680956733
NO RECON: -0.6905247390943104
83 -13.151444398949286 -13.053166455834528
NO RECON: -0.690452973358272
84 -13.14789812491161 -13.028626124201029
NO RECON: -0.6905350369849139
85 -13.139714508044843 -13.030519921251704
NO RECON: -0.6904658534830171
86 -13.147227284960268 -13.056417759072854
NO RECON: -0.6904439190360189
saving!
87 -13.153575013909887 -13.064370561044893
NO RECON: -0.6904393600006218
88 -13.155846337948606 -13.045081170536822
NO RECON: -0.6903582546043645
89 -13.155345296854769 -13.04648910268903
NO RECON: -0.6904038443222958
90 -13.159766848853456 -13.034180701229994
NO RECON: -0.6903774946822012
91 -13.141756895017839 -13.04778697742173
NO RECON: -0.6903868039136749
92 -13.144620431592342 -13.039021170808478
NO RECON: -0.6904642594061016
93 -13.160790408396696 -13.052977603817347
NO RECON: -0.6904825753851273
94 -13.159181414376231 -13.030703820243573
NO RECON: -0.6904185574697754
95 -13.151685810405587 -13.056369676792684
NO RECON: -0.6903437807660319
saving!
96 -13.151899264182669 -13.07491522737866
NO RECON: -0.6903954755445056
97 -13.15291723977824 -13.060477812880452
NO RECON: -0.6904973206811122
98 -13.155338761766671 -13.053462555663904
NO RECON: -0.6903799016904809
99 -13.14731238315547 -13.030844776604436
NO RECON: -0.6905311633173172
saving!
100 -13.15804215373391 -13.08105064036296
NO RECON: -0.6903251146867138
101 -13.162103054995386 -13.06958438322453
NO RECON: -0.6903611238731989
102 -13.150627665384018 -13.079872460708287
NO RECON: -0.6903267884138654
103 -13.148925990985937 -13.058478857468588
NO RECON: -0.6904615972989561
104 -13.160288251936345 -13.057018944170675
NO RECON: -0.6903667667741036
105 -13.164287229581157 -13.066294010551134
saving results to res/models/model=NA_ALISTA_UR_128__m=100__s=8__k=4__noise=GaussianNoise10__n=256/train_log
Done.
Running: model=NA_ALISTA_UR_128__m=100__s=8__k=6__noise=GaussianNoise10__n=256
m
100
[628 285 809 540 237 473 495 743 489 547 745 576 299 666 567 453 449 754
 793 417 546 681 421 343 561 213 217 214 427 547 252 572 216 542 221 749
 395 523 714 747 555 674 403 662 768 474 450 746 348 294 270 345 338 773
 723 702 417 439 498 432 514 524 739 415 775 441 359 722 577 384 309 281
 648 615 476 787 626 488 213 219 317 602 802 753 633 521 756 557 233 487
 795 568 529 746 415 438 663 231 348 453]
NO RECON: -0.6905321994832085
saving!
0 -6.389674028984846 -7.614229378615425
NO RECON: -0.6903980260274569
saving!
1 -9.57650976222827 -11.748007410384375
NO RECON: -0.6903835042351671
saving!
2 -12.982813241797137 -14.047911304822627
NO RECON: -0.6903789930845499
saving!
3 -14.496147132189538 -14.609767758625223
NO RECON: -0.6905025971181089
saving!
4 -14.848186172490333 -14.840639757210631
NO RECON: -0.6904630479080366
saving!
5 -15.007037102210344 -14.981019296673468
NO RECON: -0.6904209166789922
saving!
6 -15.047424556910556 -15.00335554522907
NO RECON: -0.6904680054877819
7 -15.090473482787807 -14.99934276058476
NO RECON: -0.6905074272156014
saving!
8 -15.121857151228042 -15.048252391204826
NO RECON: -0.6904806943671862
9 -15.133251879452851 -15.039908761440696
NO RECON: -0.6903621918793047
saving!
10 -15.151899297964125 -15.059955092422822
NO RECON: -0.6904581222154373
saving!
11 -15.159114827400028 -15.098745227357263
NO RECON: -0.6904206775698916
saving!
12 -15.18937982870347 -15.103078546358024
NO RECON: -0.6903346310296805
13 -15.183736351630376 -15.093325538992591
NO RECON: -0.6902874161460476
saving!
14 -15.190916110718259 -15.107118110606141
NO RECON: -0.6904309114511733
saving!
15 -15.175964490657627 -15.140578245747312
NO RECON: -0.6904000823554273
16 -15.191512539770338 -15.132348029903977
NO RECON: -0.6904491635267139
17 -15.21332569857195 -15.135821883457117
NO RECON: -0.6905026768226439
18 -15.203464286220676 -15.100179565616092
NO RECON: -0.6903596892385445
19 -15.235938842606373 -15.12405772109343
NO RECON: -0.6904540892091524
saving!
20 -15.24357976275352 -15.14468304592401
NO RECON: -0.6904615016544186
21 -15.239211385860392 -15.13214849414943
NO RECON: -0.6904950411347859
saving!
22 -15.249000172481903 -15.153285669064092
NO RECON: -0.6904758164769982
saving!
23 -15.257226106270828 -15.181465715451159
NO RECON: -0.6903457733069919
24 -15.26212099626724 -15.167296507443018
NO RECON: -0.6904100930202279
saving!
25 -15.290686374840432 -15.195807406775403
NO RECON: -0.6904598438160993
saving!
26 -15.28510979677616 -15.19625244698969
NO RECON: -0.6903839824492884
saving!
27 -15.297271740593658 -15.209324517460018
NO RECON: -0.690460927787236
28 -15.309470899857661 -15.198172822584649
NO RECON: -0.6903827709736172
saving!
29 -15.324956794232067 -15.2877277915424
NO RECON: -0.6904220803434697
30 -15.330984561600511 -15.275593802978275
NO RECON: -0.6904339879965226
31 -15.341282422432595 -15.263907998406403
NO RECON: -0.6903821652359083
32 -15.361041287392093 -15.227234716113111
NO RECON: -0.6904195617275964
33 -15.355395884943448 -15.2693748988757
NO RECON: -0.6904632710787071
34 -15.380853851134269 -15.270619246018347
NO RECON: -0.6904694401582177
35 -15.380156725633881 -15.279578890833779
NO RECON: -0.6904175850933768
36 -15.383224966982144 -15.284812243078733
NO RECON: -0.690416038855945
saving!
37 -15.382073777043438 -15.289394813348782
NO RECON: -0.6904610074910067
38 -15.375227050239031 -15.28203235883903
NO RECON: -0.690433653242778
saving!
39 -15.393608632287119 -15.297301153077667
NO RECON: -0.6903863575802036
saving!
40 -15.41127383196537 -15.33789978057991
NO RECON: -0.6904742702188342
41 -15.398150131093676 -15.326079648233195
NO RECON: -0.6904874373420549
42 -15.422751934904467 -15.315021650833495
NO RECON: -0.6905091169539467
43 -15.419680058020981 -15.311705240252389
NO RECON: -0.6904744933900814
44 -15.438056329761578 -15.290989209634166
NO RECON: -0.6904219528185804
saving!
45 -15.41863023838749 -15.343254361109217
NO RECON: -0.69032313809548
46 -15.428052931265983 -15.335777666476853
NO RECON: -0.690316315674585
47 -15.449784035281034 -15.325104434167098
NO RECON: -0.6904652955560299
48 -15.444337360905946 -15.303714928751472
NO RECON: -0.6904660128907409
49 -15.453174419332694 -15.311466671888317
NO RECON: -0.6905223957696733
50 -15.482769037539745 -15.332710862422337
NO RECON: -0.690408100449758
51 -15.451325928386503 -15.313195271666615
NO RECON: -0.6904171706379287
saving!
52 -15.477549462903184 -15.348176678643036
NO RECON: -0.6903520538020803
saving!
53 -15.473455951949827 -15.393563757362067
NO RECON: -0.6903934510997292
54 -15.478663735710773 -15.374663091786061
NO RECON: -0.6903654277800051
55 -15.472658506007592 -15.351276223054795
NO RECON: -0.6904366182054144
56 -15.488852519930001 -15.366572705450759
NO RECON: -0.6904582019191567
57 -15.473925534948624 -15.367289562173688
NO RECON: -0.6904741267516096
58 -15.487599993714486 -15.37667440915159
NO RECON: -0.6903993969126623
59 -15.518819363668609 -15.319608440974866
NO RECON: -0.6904210282632437
60 -15.481519783773056 -15.374783822493285
NO RECON: -0.6904182705390122
61 -15.48879517200946 -15.367492858342345
NO RECON: -0.6904355501810058
62 -15.478497693294244 -15.364655337803473
NO RECON: -0.6904152577671421
63 -15.46785491151759 -15.346140691821546
NO RECON: -0.6903334195677759
64 -15.49511126655945 -15.373204481268754
NO RECON: -0.6904551731788526
65 -15.492366071563259 -15.384831091703965
NO RECON: -0.6904238338110793
66 -15.500288345124352 -15.378862146707299
NO RECON: -0.6904300825377735
saving!
67 -15.499953241230644 -15.39670654981718
NO RECON: -0.6904731224811715
68 -15.499946263666724 -15.38865576849475
NO RECON: -0.6904227020273592
69 -15.50281654799154 -15.359574387199967
NO RECON: -0.6904103321287459
70 -15.49208857868576 -15.380224918316912
NO RECON: -0.6904604176831382
saving!
71 -15.490950192751463 -15.426663783563377
NO RECON: -0.6905011464958183
72 -15.507529816081151 -15.403811858970162
NO RECON: -0.6903716286013843
73 -15.491239567166325 -15.384329762059664
NO RECON: -0.6904823840951296
74 -15.518634089028094 -15.408636330238714
NO RECON: -0.690441527932941
75 -15.508008379525402 -15.365147268731654
NO RECON: -0.6904658056607014
saving!
76 -15.537499192419697 -15.463362320706892
NO RECON: -0.6904203428171729
77 -15.53519167612064 -15.42110221057851
NO RECON: -0.6904122290567873
saving!
78 -15.549987103813248 -15.463687830172336
NO RECON: -0.6903696360485618
79 -15.531702363078567 -15.413071350765454
NO RECON: -0.6904609437279903
80 -15.56463636902258 -15.418455231805527
NO RECON: -0.690414349153814
81 -15.541261750291103 -15.422425949760196
NO RECON: -0.6903257204164654
82 -15.546331613552693 -15.429127538269768
NO RECON: -0.6905247390943104
saving!
83 -15.558906534166914 -15.470136799616858
NO RECON: -0.690452973358272
84 -15.563805369077766 -15.40843078900079
NO RECON: -0.6905350369849139
85 -15.545845783502488 -15.435274390345965
NO RECON: -0.6904658534830171
saving!
86 -15.573600187397297 -15.476100373363623
NO RECON: -0.6904439190360189
saving!
87 -15.578101776099443 -15.491346243723548
NO RECON: -0.6904393600006218
saving!
88 -15.605694530292471 -15.50269074129534
NO RECON: -0.6903582546043645
saving!
89 -15.612787007053978 -15.502700215482948
NO RECON: -0.6904038443222958
90 -15.623504706258549 -15.48730840139466
NO RECON: -0.6903774946822012
saving!
91 -15.59598506169223 -15.50315156075965
NO RECON: -0.6903868039136749
92 -15.613604466972378 -15.481762597912716
NO RECON: -0.6904642594061016
saving!
93 -15.662393617698394 -15.536386001175801
NO RECON: -0.6904825753851273
94 -15.645353354925666 -15.47837084625623
NO RECON: -0.6904185574697754
saving!
95 -15.623733598442339 -15.543634866594838
NO RECON: -0.6903437807660319
saving!
96 -15.663289761520012 -15.54813786206428
NO RECON: -0.6903954755445056
saving!
97 -15.669185376221314 -15.564914858512648
NO RECON: -0.6904973206811122
saving!
98 -15.673413208537124 -15.579363199663607
NO RECON: -0.6903799016904809
99 -15.676709273662187 -15.568422599248636
NO RECON: -0.6905311633173172
saving!
100 -15.689702906340129 -15.616097229105543
NO RECON: -0.6903251146867138
101 -15.697569464408334 -15.563631105900127
NO RECON: -0.6903611238731989
saving!
102 -15.699124691156817 -15.63245622799662
NO RECON: -0.6903267884138654
saving!
103 -15.707954070485123 -15.641422072164872
NO RECON: -0.6904615972989561
104 -15.720132127088196 -15.62928097355853
NO RECON: -0.6903667667741036
saving!
105 -15.742128255542136 -15.682898189940026
NO RECON: -0.6904552847639844
106 -15.761781753747815 -15.665125709024961
NO RECON: -0.6904553007047176
107 -15.768205299025606 -15.670384418299086
NO RECON: -0.6904769004521222
saving!
108 -15.769061997214939 -15.735897782444672
NO RECON: -0.6903930047655749
109 -15.788614281060166 -15.732932570589362
NO RECON: -0.6903911078459302
saving!
110 -15.795077754707098 -15.742092543022812
NO RECON: -0.6904237541079907
saving!
111 -15.797713644387574 -15.751659206513029
NO RECON: -0.6904306404602365
saving!
112 -15.828908080968588 -15.754133248278787
NO RECON: -0.6904366500867442
saving!
113 -15.819795056320046 -15.83626830512715
NO RECON: -0.6904434726966777
114 -15.861436187815517 -15.777560482850417
NO RECON: -0.6904851259192303
115 -15.857559703394395 -15.82316515488265
NO RECON: -0.690411782720703
116 -15.8726412435107 -15.820289261903229
NO RECON: -0.6904062035235198
117 -15.866273248579699 -15.818739263517461
NO RECON: -0.6904373833573911
saving!
118 -15.902950465142641 -15.880631429137228
NO RECON: -0.6904503590801901
119 -15.922806556543001 -15.846727232078786
NO RECON: -0.6905382411323269
120 -15.941313762412701 -15.877455464330124
NO RECON: -0.6903831854257824
saving!
121 -15.951889041913445 -15.890158075160205
NO RECON: -0.6904107306429718
saving!
122 -15.973123656406518 -15.899471484842099
NO RECON: -0.6904182864796095
saving!
123 -15.983864597346006 -15.918770002992108
saving results to res/models/model=NA_ALISTA_UR_128__m=100__s=8__k=6__noise=GaussianNoise10__n=256/train_log
Done.
Running: model=NA_ALISTA_UR_128__m=100__s=8__k=8__noise=GaussianNoise10__n=256
m
100
[628 285 809 540 237 473 495 743 489 547 745 576 299 666 567 453 449 754
 793 417 546 681 421 343 561 213 217 214 427 547 252 572 216 542 221 749
 395 523 714 747 555 674 403 662 768 474 450 746 348 294 270 345 338 773
 723 702 417 439 498 432 514 524 739 415 775 441 359 722 577 384 309 281
 648 615 476 787 626 488 213 219 317 602 802 753 633 521 756 557 233 487
 795 568 529 746 415 438 663 231 348 453]
NO RECON: -0.6905321994832085
saving!
0 -7.523159822272327 -8.6087984118293
NO RECON: -0.6903980260274569
saving!
1 -10.476344018765364 -12.885151082622667
NO RECON: -0.6903835042351671
saving!
2 -14.565495610856857 -15.63969222281983
NO RECON: -0.6903789930845499
saving!
3 -15.930040125111699 -15.96257547609261
NO RECON: -0.6905025971181089
saving!
4 -16.17168290391654 -16.128379620287944
NO RECON: -0.6904630479080366
saving!
5 -16.24274457910612 -16.24046085316539
NO RECON: -0.6904209166789922
saving!
6 -16.30755942312369 -16.26436665517556
NO RECON: -0.6904680054877819
7 -16.32733934317478 -16.211059917584627
NO RECON: -0.6905074272156014
8 -16.312550166569384 -16.19604368781147
NO RECON: -0.6904806943671862
9 -16.33829179200666 -16.256495237210153
NO RECON: -0.6903621918793047
saving!
10 -16.349133109043567 -16.303045495707313
NO RECON: -0.6904581222154373
saving!
11 -16.34268881620264 -16.329122770025045
NO RECON: -0.6904206775698916
12 -16.39145460691262 -16.28825946620258
NO RECON: -0.6903346310296805
13 -16.386416505911082 -16.315181831566072
NO RECON: -0.6902874161460476
14 -16.37001161033855 -16.28505503522345
NO RECON: -0.6904309114511733
15 -16.380037964237513 -16.327430468375688
NO RECON: -0.6904000823554273
16 -16.33109354882796 -16.216371794927213
NO RECON: -0.6904491635267139
17 -16.368990587509693 -16.160259302997314
NO RECON: -0.6905026768226439
18 -16.36161967306878 -16.250554027858403
NO RECON: -0.6903596892385445
saving!
19 -16.41439885779121 -16.33286558044958
NO RECON: -0.6904540892091524
20 -16.415480556881658 -16.303544587284748
NO RECON: -0.6904615016544186
21 -16.405517215841506 -16.310883496661873
NO RECON: -0.6904950411347859
saving!
22 -16.40577820279537 -16.339312272898113
NO RECON: -0.6904758164769982
23 -16.41909166814343 -16.33063900320949
NO RECON: -0.6903457733069919
saving!
24 -16.410447903955475 -16.355551887853373
NO RECON: -0.6904100930202279
25 -16.44919829000361 -16.303172653129245
NO RECON: -0.6904598438160993
26 -16.413743262293558 -16.310344441538845
NO RECON: -0.6903839824492884
27 -16.41142075738086 -16.35010048517687
NO RECON: -0.690460927787236
saving!
28 -16.40252319867136 -16.358628905320657
NO RECON: -0.6903827709736172
saving!
29 -16.436199056167283 -16.3799723071672
NO RECON: -0.6904220803434697
saving!
30 -16.414854941358264 -16.40272666021998
NO RECON: -0.6904339879965226
31 -16.45524047715265 -16.37369893899282
NO RECON: -0.6903821652359083
32 -16.462758374753392 -16.32994147092812
NO RECON: -0.6904195617275964
33 -16.467036112977954 -16.37560460338713
NO RECON: -0.6904632710787071
34 -16.493813997508195 -16.398013412654592
NO RECON: -0.6904694401582177
35 -16.475745844315338 -16.380034565960425
NO RECON: -0.6904175850933768
saving!
36 -16.449283171366385 -16.428917525841523
NO RECON: -0.690416038855945
37 -16.486654527643775 -16.39296142559318
NO RECON: -0.6904610074910067
38 -16.46981685564578 -16.404120578306326
NO RECON: -0.690433653242778
39 -16.497357407499358 -16.403497427331228
NO RECON: -0.6903863575802036
40 -16.499604722793947 -16.384006516063337
NO RECON: -0.6904742702188342
saving!
41 -16.496044679321493 -16.4528434250592
NO RECON: -0.6904874373420549
42 -16.51064843370509 -16.433287877537772
NO RECON: -0.6905091169539467
43 -16.530175955844545 -16.428440019298726
NO RECON: -0.6904744933900814
44 -16.539070471515643 -16.419071603408742
NO RECON: -0.6904219528185804
saving!
45 -16.52357956799017 -16.484710984806487
NO RECON: -0.69032313809548
46 -16.50323895527113 -16.41168575520807
NO RECON: -0.690316315674585
47 -16.53704991254311 -16.40877321671934
NO RECON: -0.6904652955560299
48 -16.547893177017666 -16.41499845170946
NO RECON: -0.6904660128907409
49 -16.558458316428933 -16.44575873529178
NO RECON: -0.6905223957696733
50 -16.541371575679197 -16.45858784955226
NO RECON: -0.690408100449758
51 -16.55449389634548 -16.471101883299163
NO RECON: -0.6904171706379287
52 -16.56904938172307 -16.46153347252175
NO RECON: -0.6903520538020803
saving!
53 -16.565024781904988 -16.506262406476083
NO RECON: -0.6903934510997292
saving!
54 -16.589988403659294 -16.521155261129948
NO RECON: -0.6903654277800051
55 -16.576810693413076 -16.47326590274496
NO RECON: -0.6904366182054144
56 -16.588238013317188 -16.511723981141603
NO RECON: -0.6904582019191567
57 -16.622840868742777 -16.47907257489878
NO RECON: -0.6904741267516096
58 -16.592799222843674 -16.495824166484
NO RECON: -0.6903993969126623
59 -16.63006117875145 -16.481781056521857
NO RECON: -0.6904210282632437
60 -16.603358288775013 -16.509865843562963
NO RECON: -0.6904182705390122
61 -16.556905816736126 -16.47760344839598
NO RECON: -0.6904355501810058
62 -16.5975882147554 -16.518340614035836
NO RECON: -0.6904152577671421
63 -16.583220299513066 -16.487547501076
NO RECON: -0.6903334195677759
64 -16.59599535475199 -16.514958918412425
NO RECON: -0.6904551731788526
65 -16.59602224831428 -16.495986753856975
NO RECON: -0.6904238338110793
saving!
66 -16.617108970053714 -16.536919265271884
NO RECON: -0.6904300825377735
saving!
67 -16.64286197172755 -16.558120530108834
NO RECON: -0.6904731224811715
68 -16.612350780763716 -16.525983287300942
NO RECON: -0.6904227020273592
69 -16.624118532734787 -16.51567463891039
NO RECON: -0.6904103321287459
70 -16.62623220981414 -16.517488630495652
NO RECON: -0.6904604176831382
71 -16.606204732108957 -16.521990966640196
NO RECON: -0.6905011464958183
72 -16.64692055400685 -16.51012649772988
NO RECON: -0.6903716286013843
73 -16.60954667137508 -16.539025365386614
NO RECON: -0.6904823840951296
74 -16.64639001764216 -16.55792270700184
NO RECON: -0.690441527932941
75 -16.601097200219087 -16.52258262532439
NO RECON: -0.6904658056607014
76 -16.64330145273786 -16.551979752376692
NO RECON: -0.6904203428171729
saving!
77 -16.664930347765136 -16.5623212616767
NO RECON: -0.6904122290567873
78 -16.65973073577395 -16.556619615708353
NO RECON: -0.6903696360485618
79 -16.644831126261586 -16.50108834482863
NO RECON: -0.6904609437279903
80 -16.655476540919757 -16.531784689318442
NO RECON: -0.690414349153814
81 -16.65404685842734 -16.52992309183353
NO RECON: -0.6903257204164654
82 -16.66645941790509 -16.532930577126606
NO RECON: -0.6905247390943104
saving!
83 -16.68209357697127 -16.575773519665912
NO RECON: -0.690452973358272
84 -16.66119537901676 -16.53609423295295
NO RECON: -0.6905350369849139
85 -16.677528978543815 -16.52780088389455
NO RECON: -0.6904658534830171
86 -16.684130213064346 -16.55406591858355
NO RECON: -0.6904439190360189
87 -16.68072085221006 -16.54914581219019
NO RECON: -0.6904393600006218
88 -16.67763567771201 -16.565820449212886
NO RECON: -0.6903582546043645
saving!
89 -16.699748517958916 -16.60427315621978
NO RECON: -0.6904038443222958
90 -16.701739662975974 -16.586103895728762
NO RECON: -0.6903774946822012
91 -16.670114364462137 -16.560333997140837
NO RECON: -0.6903868039136749
saving!
92 -16.676328756010697 -16.613347094072715
NO RECON: -0.6904642594061016
93 -16.71122078211343 -16.587277182831183
NO RECON: -0.6904825753851273
94 -16.70398488498365 -16.54758637667656
NO RECON: -0.6904185574697754
saving!
95 -16.680796573396993 -16.64008346304677
NO RECON: -0.6903437807660319
96 -16.707699155814932 -16.602658393172806
NO RECON: -0.6903954755445056
97 -16.706146874133324 -16.582365309603993
NO RECON: -0.6904973206811122
98 -16.71853238964291 -16.605554415002906
NO RECON: -0.6903799016904809
99 -16.71594040272426 -16.573593909027444
NO RECON: -0.6905311633173172
100 -16.69748152229969 -16.615500224124283
NO RECON: -0.6903251146867138
101 -16.713960667575204 -16.575661070375467
NO RECON: -0.6903611238731989
102 -16.705364046308375 -16.61517321432645
NO RECON: -0.6903267884138654
saving!
103 -16.712610736782757 -16.648358605927392
NO RECON: -0.6904615972989561
104 -16.718302396305397 -16.634922901184574
NO RECON: -0.6903667667741036
saving!
105 -16.72982266953877 -16.649077992374348
NO RECON: -0.6904552847639844
saving!
106 -16.743489138322868 -16.665563507784224
NO RECON: -0.6904553007047176
107 -16.760249499174293 -16.640376497628758
NO RECON: -0.6904769004521222
saving!
108 -16.75555713683735 -16.709065783986716
NO RECON: -0.6903930047655749
109 -16.75739695126971 -16.68532288906315
NO RECON: -0.6903911078459302
110 -16.763225117854958 -16.68414244099142
NO RECON: -0.6904237541079907
111 -16.75546732398854 -16.680480483463164
NO RECON: -0.6904306404602365
112 -16.76566449560153 -16.659801705043023
NO RECON: -0.6904366500867442
saving!
113 -16.759464845371543 -16.712032008571363
NO RECON: -0.6904434726966777
114 -16.780908486761753 -16.68855344144817
NO RECON: -0.6904851259192303
saving!
115 -16.785781498440333 -16.740565137803802
NO RECON: -0.690411782720703
116 -16.78044687868352 -16.704911495743517
NO RECON: -0.6904062035235198
117 -16.80419259125507 -16.718496658502755
NO RECON: -0.6904373833573911
saving!
118 -16.797671910916254 -16.75602409403097
NO RECON: -0.6904503590801901
119 -16.806728723477868 -16.743429197854354
NO RECON: -0.6905382411323269
saving!
120 -16.82798828243039 -16.759126577397403
NO RECON: -0.6903831854257824
saving!
121 -16.82013476576477 -16.76649426865921
NO RECON: -0.6904107306429718
122 -16.836486835711916 -16.757573588416413
NO RECON: -0.6904182864796095
saving!
123 -16.83872833477315 -16.770029155257994
NO RECON: -0.6905319922500099
124 -16.82215473375706 -16.734765822859085
NO RECON: -0.6903749442113073
125 -16.827753133652344 -16.755192446460644
NO RECON: -0.6905115877989366
126 -16.853440637492273 -16.757518282968338
NO RECON: -0.6903791046677243
saving!
127 -16.868692419493986 -16.77604248452073
NO RECON: -0.6904147795495776
saving!
128 -16.861336713449408 -16.78249407224881
NO RECON: -0.690378514870978
saving!
129 -16.839036062834655 -16.79499921583127
NO RECON: -0.6904925384174696
130 -16.87838185640564 -16.792161027205285
NO RECON: -0.6903394131194456
saving!
131 -16.893159854643088 -16.824256238847436
NO RECON: -0.6903950132696313
saving!
132 -16.90600076991261 -16.84575081769017
NO RECON: -0.6904143810349804
saving!
133 -16.90631084502831 -16.870774056707063
NO RECON: -0.6905493042266413
134 -16.899955228194933 -16.823237658470283
NO RECON: -0.6904598278753491
saving!
135 -16.9135909967482 -16.899898828137086
NO RECON: -0.6903703693078943
136 -16.91985142965399 -16.881652880490165
NO RECON: -0.6905741086154565
saving!
137 -16.91674607075528 -16.907337906727548
NO RECON: -0.6905046056728491
saving!
138 -16.93172380128104 -16.940684401348346
NO RECON: -0.6903576169893251
139 -16.97304495799474 -16.916336052048354
NO RECON: -0.6904948179624824
saving!
140 -16.958903325826824 -16.946911972191792
NO RECON: -0.6904555238749904
saving!
141 -16.955389329259248 -16.953587295669248
saving results to res/models/model=NA_ALISTA_UR_128__m=100__s=8__k=8__noise=GaussianNoise10__n=256/train_log
Done.
Running: model=NA_ALISTA_UR_128__m=100__s=8__k=10__noise=GaussianNoise10__n=256
m
100
[628 285 809 540 237 473 495 743 489 547 745 576 299 666 567 453 449 754
 793 417 546 681 421 343 561 213 217 214 427 547 252 572 216 542 221 749
 395 523 714 747 555 674 403 662 768 474 450 746 348 294 270 345 338 773
 723 702 417 439 498 432 514 524 739 415 775 441 359 722 577 384 309 281
 648 615 476 787 626 488 213 219 317 602 802 753 633 521 756 557 233 487
 795 568 529 746 415 438 663 231 348 453]
NO RECON: -0.6905321994832085
saving!
0 -8.307277169273275 -9.068695105942963
NO RECON: -0.6903980260274569
saving!
1 -10.642203472276218 -13.122301138587225
NO RECON: -0.6903835042351671
saving!
2 -15.31277392256558 -16.407740765703004
NO RECON: -0.6903789930845499
saving!
3 -16.653773505699448 -16.629340414493946
NO RECON: -0.6905025971181089
saving!
4 -16.838676698554984 -16.77713484357774
NO RECON: -0.6904630479080366
saving!
5 -16.945453611826707 -16.823824025171145
NO RECON: -0.6904209166789922
saving!
6 -16.928719443209484 -16.944108935319477
NO RECON: -0.6904680054877819
7 -16.962849765121334 -16.901028246743955
NO RECON: -0.6905074272156014
8 -16.983561265476407 -16.690194080015146
NO RECON: -0.6904806943671862
9 -16.91469319402465 -16.905899316790254
NO RECON: -0.6903621918793047
10 -16.988541365561485 -16.86552712863702
NO RECON: -0.6904581222154373
saving!
11 -17.02529724115633 -17.00583179944523
NO RECON: -0.6904206775698916
12 -17.044814487762004 -16.94688868321316
NO RECON: -0.6903346310296805
13 -17.048281907784176 -16.826895159881655
NO RECON: -0.6902874161460476
14 -17.02956825981671 -16.978311966359108
NO RECON: -0.6904309114511733
15 -17.040236157498285 -17.003991823072727
NO RECON: -0.6904000823554273
16 -17.01686174054465 -16.86098182388668
NO RECON: -0.6904491635267139
17 -17.066282757022552 -16.966663692700156
NO RECON: -0.6905026768226439
18 -17.030938831824148 -16.926259072483923
NO RECON: -0.6903596892385445
19 -17.078934326944314 -16.898236996781723
NO RECON: -0.6904540892091524
20 -17.064358940364283 -16.986285922940976
NO RECON: -0.6904615016544186
21 -17.083540037561832 -16.965665907964524
NO RECON: -0.6904950411347859
22 -17.026353675618964 -16.998129927505424
NO RECON: -0.6904758164769982
23 -17.034243639377124 -16.91214608437332
NO RECON: -0.6903457733069919
saving!
24 -17.076295280710468 -17.00760285682827
NO RECON: -0.6904100930202279
25 -17.08591276341245 -16.87252111966209
NO RECON: -0.6904598438160993
saving!
26 -17.058309529857695 -17.015453514219676
NO RECON: -0.6903839824492884
27 -17.061539754318808 -16.972085336327073
NO RECON: -0.690460927787236
28 -17.08853225390581 -16.987360559181084
NO RECON: -0.6903827709736172
saving!
29 -17.093801788243546 -17.066237381808396
NO RECON: -0.6904220803434697
saving!
30 -17.08614632987953 -17.07499665181414
NO RECON: -0.6904339879965226
31 -17.102493863094374 -17.028585826197183
NO RECON: -0.6903821652359083
32 -17.10907532154573 -16.98425856806218
NO RECON: -0.6904195617275964
33 -17.072853144701693 -17.007057390387136
NO RECON: -0.6904632710787071
34 -17.142659429156947 -17.01533531445093
NO RECON: -0.6904694401582177
35 -17.11583766748974 -16.99128922951779
NO RECON: -0.6904175850933768
36 -17.08898057187714 -17.057731581363935
NO RECON: -0.690416038855945
37 -17.10768192584704 -17.0182479344486
NO RECON: -0.6904610074910067
38 -17.11028884527263 -17.039499128996184
NO RECON: -0.690433653242778
39 -17.124100699277182 -17.035199741750326
NO RECON: -0.6903863575802036
40 -17.115358254643468 -16.87653765558154
NO RECON: -0.6904742702188342
41 -17.07687691855609 -17.04282607432068
NO RECON: -0.6904874373420549
42 -16.988770503037813 -16.974451435075103
NO RECON: -0.6905091169539467
43 -17.112475266070017 -17.049127172081057
NO RECON: -0.6904744933900814
44 -17.143120381421557 -17.02245243840477
NO RECON: -0.6904219528185804
saving!
45 -17.107658408937457 -17.104174219272302
NO RECON: -0.69032313809548
46 -17.010950716116056 -17.01302466953097
NO RECON: -0.690316315674585
47 -17.133516889598027 -17.07491276619326
NO RECON: -0.6904652955560299
48 -17.05681109763401 -16.94471816013882
NO RECON: -0.6904660128907409
49 -17.134843297012218 -17.01606340390889
NO RECON: -0.6905223957696733
50 -17.156889467568796 -17.083537713143574
NO RECON: -0.690408100449758
51 -17.146458641214757 -17.02344408611285
NO RECON: -0.6904171706379287
52 -17.08578171054689 -17.084049911900813
NO RECON: -0.6903520538020803
saving!
53 -17.074843098952865 -17.10770153763405
NO RECON: -0.6903934510997292
saving!
54 -17.176731363668637 -17.109086277333883
NO RECON: -0.6903654277800051
55 -17.09013197564358 -17.061483477684163
NO RECON: -0.6904366182054144
saving!
56 -17.133972394888456 -17.145089489199457
NO RECON: -0.6904582019191567
57 -17.127816741821547 -17.008977818566265
NO RECON: -0.6904741267516096
58 -17.133503431847075 -17.08367733456361
NO RECON: -0.6903993969126623
59 -17.167537641922166 -17.026064763102468
NO RECON: -0.6904210282632437
60 -17.164340915417164 -17.06261056908837
NO RECON: -0.6904182705390122
61 -17.17850952542125 -17.07852539948327
NO RECON: -0.6904355501810058
62 -17.146728520236763 -17.09032948781577
NO RECON: -0.6904152577671421
63 -17.130768280511333 -17.06482795118443
NO RECON: -0.6903334195677759
64 -17.164026362092653 -17.09030262279726
NO RECON: -0.6904551731788526
65 -17.19892210696138 -17.106161491488333
NO RECON: -0.6904238338110793
66 -17.206955896908397 -17.13418401330529
NO RECON: -0.6904300825377735
67 -17.22243600209222 -17.13671555819117
NO RECON: -0.6904731224811715
68 -17.183543443831624 -17.01880295755412
NO RECON: -0.6904227020273592
69 -17.205555694672704 -17.107514478727804
NO RECON: -0.6904103321287459
70 -17.20385587720214 -17.08785032163422
NO RECON: -0.6904604176831382
71 -17.179236587287853 -17.069250339780332
NO RECON: -0.6905011464958183
72 -17.227303783603748 -17.120683606794863
NO RECON: -0.6903716286013843
73 -17.150727661711013 -17.133186159197415
NO RECON: -0.6904823840951296
74 -17.183882272662455 -17.11746091133993
NO RECON: -0.690441527932941
75 -17.196515451622332 -17.08887637352246
NO RECON: -0.6904658056607014
saving!
76 -17.20301012100793 -17.150007263619337
NO RECON: -0.6904203428171729
saving!
77 -17.233902354734578 -17.157080504614864
NO RECON: -0.6904122290567873
saving!
78 -17.239895763657834 -17.166772430099506
NO RECON: -0.6903696360485618
79 -17.204220097138133 -17.0826258987392
NO RECON: -0.6904609437279903
saving!
80 -17.210033239398776 -17.183252672721583
NO RECON: -0.690414349153814
81 -17.225700638128966 -17.139895141216353
NO RECON: -0.6903257204164654
82 -17.22331371282823 -17.083648958333914
NO RECON: -0.6905247390943104
83 -17.262221402568766 -17.17655603355857
NO RECON: -0.690452973358272
84 -17.252087144112757 -17.13679295372625
NO RECON: -0.6905350369849139
85 -17.226066343663405 -17.088050596633163
NO RECON: -0.6904658534830171
86 -17.26698592798784 -17.11968566417162
NO RECON: -0.6904439190360189
87 -17.237380475884827 -17.05606389403506
NO RECON: -0.6904393600006218
88 -17.248133952850715 -17.09747367153433
NO RECON: -0.6903582546043645
saving!
89 -17.23885960432828 -17.19536927321497
NO RECON: -0.6904038443222958
90 -17.27330224293663 -17.160000586332078
NO RECON: -0.6903774946822012
91 -17.252398261341074 -17.158847065347697
NO RECON: -0.6903868039136749
92 -17.24642253810074 -17.164678853061336
NO RECON: -0.6904642594061016
saving!
93 -17.28340631614059 -17.207236143322778
NO RECON: -0.6904825753851273
94 -17.27374733741369 -17.094067606647517
NO RECON: -0.6904185574697754
saving!
95 -17.247125832215808 -17.221536018607267
NO RECON: -0.6903437807660319
96 -17.30766130480022 -17.194567978377318
NO RECON: -0.6903954755445056
97 -17.276526346810822 -17.206429161012093
NO RECON: -0.6904973206811122
98 -17.286119147535604 -17.159944938016885
NO RECON: -0.6903799016904809
99 -17.245055783382128 -17.18319351570484
NO RECON: -0.6905311633173172
saving!
100 -17.276386493883365 -17.234589774050875
NO RECON: -0.6903251146867138
101 -17.28194333603334 -17.151174117060176
NO RECON: -0.6903611238731989
102 -17.25429486156619 -17.21524755729826
NO RECON: -0.6903267884138654
103 -17.266448848478365 -17.189084525421173
NO RECON: -0.6904615972989561
104 -17.30336924394963 -17.21729093497397
NO RECON: -0.6903667667741036
saving!
105 -17.298329112164904 -17.246060384229665
NO RECON: -0.6904552847639844
106 -17.309315279504226 -17.22587944255858
NO RECON: -0.6904553007047176
107 -17.314580184587165 -17.245059038224305
NO RECON: -0.6904769004521222
saving!
108 -17.330317815802537 -17.27498625704488
NO RECON: -0.6903930047655749
109 -17.31918488333838 -17.261354928335383
NO RECON: -0.6903911078459302
110 -17.27648152350597 -17.218649488158317
NO RECON: -0.6904237541079907
111 -17.298931887403334 -17.224860141616105
NO RECON: -0.6904306404602365
112 -17.324945648096556 -17.2169316788005
NO RECON: -0.6904366500867442
113 -17.282889071819735 -17.23789831825905
NO RECON: -0.6904434726966777
114 -17.296565199721762 -17.25260494588192
NO RECON: -0.6904851259192303
115 -17.33254511601743 -17.263811485872868
NO RECON: -0.690411782720703
116 -17.33811650578446 -17.261151328646417
NO RECON: -0.6904062035235198
117 -17.316537060004343 -17.228213094775345
NO RECON: -0.6904373833573911
saving!
118 -17.277272477696254 -17.29281717885971
NO RECON: -0.6904503590801901
119 -17.34604944937978 -17.274788664831828
NO RECON: -0.6905382411323269
120 -17.336886321936166 -17.276513084193905
NO RECON: -0.6903831854257824
121 -17.344939694952014 -17.265559035637196
NO RECON: -0.6904107306429718
122 -17.353295999420297 -17.28505869553809
NO RECON: -0.6904182864796095
123 -17.35236924741764 -17.28811709079922
NO RECON: -0.6905319922500099
saving!
124 -17.34546604605516 -17.292954477593636
NO RECON: -0.6903749442113073
125 -17.36202309145748 -17.272126153435792
NO RECON: -0.6905115877989366
126 -17.357335403153535 -17.275031101678007
NO RECON: -0.6903791046677243
127 -17.35647103225788 -17.26688545444746
NO RECON: -0.6904147795495776
128 -17.38112911457759 -17.28765367047345
NO RECON: -0.690378514870978
129 -17.370295985242233 -17.25664172065965
NO RECON: -0.6904925384174696
saving!
130 -17.379384812301865 -17.317322318554456
NO RECON: -0.6903394131194456
131 -17.364666788222966 -17.267862557558868
NO RECON: -0.6903950132696313
132 -17.364054040658544 -17.28876620588405
NO RECON: -0.6904143810349804
saving!
133 -17.386710495991025 -17.319502978490927
NO RECON: -0.6905493042266413
134 -17.356462866459832 -17.291372200080136
NO RECON: -0.6904598278753491
saving!
135 -17.393643017603523 -17.332912369820967
NO RECON: -0.6903703693078943
136 -17.387031124391296 -17.31304608350547
NO RECON: -0.6905741086154565
saving!
137 -17.39483957293723 -17.339993981833256
NO RECON: -0.6905046056728491
138 -17.407878197470886 -17.33048711231569
NO RECON: -0.6903576169893251
saving!
139 -17.41104833302347 -17.345594346675636
NO RECON: -0.6904948179624824
saving!
140 -17.403200643225677 -17.348778014820812
NO RECON: -0.6904555238749904
saving!
141 -17.393145285247993 -17.378122813009785
NO RECON: -0.6904345459194877
142 -17.401645882360203 -17.35618863088763
NO RECON: -0.6904983727798204
saving!
143 -17.408813009559083 -17.384348238329608
NO RECON: -0.6905326777137026
144 -17.40812194249313 -17.335363254143754
NO RECON: -0.6903963044513004
saving!
145 -17.416486768167935 -17.400137652184824
NO RECON: -0.6905220450681361
146 -17.415960533298996 -17.30370189784709
NO RECON: -0.6905076344476273
saving!
147 -17.415117201782223 -17.405656230159416
NO RECON: -0.690451172056742
148 -17.419866346966153 -17.382140154679483
NO RECON: -0.6903716923630899
149 -17.454332780344465 -17.370064068499467
NO RECON: -0.6905185699362487
saving!
150 -17.432509621042556 -17.426069853122634
NO RECON: -0.6904449073590092
151 -17.4532605682356 -17.42244577662745
NO RECON: -0.6904407787209142
saving!
152 -17.444050946063577 -17.44856437243538
NO RECON: -0.6904185734103738
153 -17.462739693681062 -17.367334431515392
NO RECON: -0.6904245989608038
154 -17.456627254001504 -17.410749883684048
NO RECON: -0.6903930525870892
155 -17.465955883163907 -17.412507818741474
NO RECON: -0.6904467405393444
saving!
156 -17.497943889124482 -17.47023081274002
NO RECON: -0.6903227395892924
157 -17.488116918759257 -17.427595984599986
NO RECON: -0.6904903704596865
158 -17.497656314819064 -17.44835511036944
NO RECON: -0.690457596170927
159 -17.496585277787343 -17.451579637454703
saving results to res/models/model=NA_ALISTA_UR_128__m=100__s=8__k=10__noise=GaussianNoise10__n=256/train_log
Done.
Running: model=NA_ALISTA_UR_128__m=100__s=8__k=12__noise=GaussianNoise10__n=256
m
100
[628 285 809 540 237 473 495 743 489 547 745 576 299 666 567 453 449 754
 793 417 546 681 421 343 561 213 217 214 427 547 252 572 216 542 221 749
 395 523 714 747 555 674 403 662 768 474 450 746 348 294 270 345 338 773
 723 702 417 439 498 432 514 524 739 415 775 441 359 722 577 384 309 281
 648 615 476 787 626 488 213 219 317 602 802 753 633 521 756 557 233 487
 795 568 529 746 415 438 663 231 348 453]
NO RECON: -0.6905321994832085
saving!
0 -9.25687087235026 -10.094247011421144
NO RECON: -0.6903980260274569
saving!
1 -11.472675925743234 -13.454418692610695
NO RECON: -0.6903835042351671
saving!
2 -15.840833491083524 -16.83897508339691
NO RECON: -0.6903789930845499
saving!
3 -17.04043595916118 -17.10688016265983
NO RECON: -0.6905025971181089
4 -17.223622340063407 -17.066578795328432
NO RECON: -0.6904630479080366
saving!
5 -17.30127290961849 -17.281022731338915
NO RECON: -0.6904209166789922
6 -17.273458308803725 -16.989714600482184
NO RECON: -0.6904680054877819
saving!
7 -17.32657960275244 -17.315367105757772
NO RECON: -0.6905074272156014
8 -17.328704391158144 -17.278655972445517
NO RECON: -0.6904806943671862
9 -17.370655809862697 -17.282017974078645
NO RECON: -0.6903621918793047
10 -17.296547946781455 -17.100382443149112
NO RECON: -0.6904581222154373
saving!
11 -17.3850481897252 -17.39775784628607
NO RECON: -0.6904206775698916
12 -17.4031897756725 -17.302909594523037
NO RECON: -0.6903346310296805
13 -17.281179345430516 -17.33933591027483
NO RECON: -0.6902874161460476
14 -17.432747055759144 -17.36250716231327
NO RECON: -0.6904309114511733
saving!
15 -17.427060273506836 -17.41734328332264
NO RECON: -0.6904000823554273
16 -17.23947415800408 -17.24031340291902
NO RECON: -0.6904491635267139
17 -17.451306856370763 -17.336147533417062
NO RECON: -0.6905026768226439
18 -17.40076010394738 -17.35885485189979
NO RECON: -0.6903596892385445
19 -17.4678620863802 -17.374687947448344
NO RECON: -0.6904540892091524
20 -17.458828447585244 -17.394396695219566
NO RECON: -0.6904615016544186
21 -17.477134098071012 -17.291420493804637
NO RECON: -0.6904950411347859
22 -17.422389829303086 -17.38823950873649
NO RECON: -0.6904758164769982
23 -17.357374928605147 -17.09348600660018
NO RECON: -0.6903457733069919
24 -17.416385255346935 -17.39011528110671
NO RECON: -0.6904100930202279
25 -17.411593977981994 -16.920344896433853
NO RECON: -0.6904598438160993
26 -17.34003915035447 -17.343320547263154
NO RECON: -0.6903839824492884
27 -17.48000949720886 -17.379751674879383
NO RECON: -0.690460927787236
28 -17.43987551324818 -17.35283109694575
NO RECON: -0.6903827709736172
saving!
29 -17.442067230570235 -17.45044757067977
NO RECON: -0.6904220803434697
saving!
30 -17.502715258272342 -17.478397826601654
NO RECON: -0.6904339879965226
31 -17.49559876611964 -17.381241873669236
NO RECON: -0.6903821652359083
32 -17.513176075381153 -17.399423485922423
NO RECON: -0.6904195617275964
33 -17.48262707664439 -17.42008649145893
NO RECON: -0.6904632710787071
34 -17.37733322635154 -17.378094270063265
NO RECON: -0.6904694401582177
35 -17.524907697244863 -17.41492852755339
NO RECON: -0.6904175850933768
36 -17.476448856990743 -17.445587115135112
NO RECON: -0.690416038855945
37 -17.529951221191272 -17.411172523413118
NO RECON: -0.6904610074910067
38 -17.479588449158552 -17.089280375221453
NO RECON: -0.690433653242778
39 -17.40353118872546 -17.429415402109555
NO RECON: -0.6903863575802036
40 -17.53201075846357 -17.407256999390235
NO RECON: -0.6904742702188342
41 -17.528238293860806 -17.430611290026484
NO RECON: -0.6904874373420549
42 -17.48734936784301 -17.286602672754945
NO RECON: -0.6905091169539467
43 -17.488150255720697 -17.477281675199844
NO RECON: -0.6904744933900814
44 -17.53565732419319 -17.277593607649244
NO RECON: -0.6904219528185804
45 -17.421298226543446 -17.461335011206504
NO RECON: -0.69032313809548
46 -17.453809984642916 -17.393626578099315
NO RECON: -0.690316315674585
saving!
47 -17.520032065315046 -17.48713847495358
NO RECON: -0.6904652955560299
48 -17.53241775964407 -17.3804388786118
NO RECON: -0.6904660128907409
49 -17.526703408342954 -17.432475554386475
NO RECON: -0.6905223957696733
50 -17.54607856817423 -17.45409434268603
NO RECON: -0.690408100449758
51 -17.537516513180755 -17.404690703182478
NO RECON: -0.6904171706379287
52 -17.282877434307 -17.26588737880475
NO RECON: -0.6903520538020803
saving!
53 -17.509608362652106 -17.526917316836347
NO RECON: -0.6903934510997292
54 -17.548641817511996 -17.515440087033454
NO RECON: -0.6903654277800051
55 -17.503440724918246 -17.431462532061424
NO RECON: -0.6904366182054144
saving!
56 -17.570634348124983 -17.527640761209916
NO RECON: -0.6904582019191567
57 -17.492107253396863 -17.378029749987377
NO RECON: -0.6904741267516096
58 -17.52581326510377 -17.41652677659852
NO RECON: -0.6903993969126623
59 -17.485754150718247 -17.364827652583415
NO RECON: -0.6904210282632437
60 -17.496325985909436 -17.43916778563841
NO RECON: -0.6904182705390122
61 -17.57386691620534 -17.51132154478399
NO RECON: -0.6904355501810058
62 -17.4869044559649 -17.415769482523075
NO RECON: -0.6904152577671421
63 -17.508352999951327 -17.479646796982887
NO RECON: -0.6903334195677759
64 -17.521205100557523 -17.37577583159959
NO RECON: -0.6904551731788526
65 -17.532630860324257 -17.491808210872712
NO RECON: -0.6904238338110793
66 -17.53038581260521 -17.49166893935477
NO RECON: -0.6904300825377735
saving!
67 -17.59267855721962 -17.536080818486962
NO RECON: -0.6904731224811715
68 -17.56969973434829 -17.277592665498926
NO RECON: -0.6904227020273592
69 -17.55936939128999 -17.530918112861244
NO RECON: -0.6904103321287459
70 -17.56906097262305 -17.434573192394165
NO RECON: -0.6904604176831382
saving!
71 -17.578550959843653 -17.54213957395815
NO RECON: -0.6905011464958183
72 -17.581097108306917 -17.511055155418802
NO RECON: -0.6903716286013843
73 -17.547901968696003 -17.505656588071194
NO RECON: -0.6904823840951296
saving!
74 -17.529968361982345 -17.555939532072514
NO RECON: -0.690441527932941
75 -17.581483831301334 -17.482928459980172
NO RECON: -0.6904658056607014
76 -17.594043726364426 -17.5131420519101
NO RECON: -0.6904203428171729
77 -17.58351711363273 -17.51236728010255
NO RECON: -0.6904122290567873
78 -17.56354520725613 -17.540672724475588
NO RECON: -0.6903696360485618
79 -17.558833062166045 -17.458242440641065
NO RECON: -0.6904609437279903
saving!
80 -17.60578979499695 -17.560095961406997
NO RECON: -0.690414349153814
81 -17.602362942274365 -17.332056442741116
NO RECON: -0.6903257204164654
82 -17.554072111514436 -17.414980651904056
NO RECON: -0.6905247390943104
83 -17.613182148445553 -17.546864063418642
NO RECON: -0.690452973358272
84 -17.569270130803666 -17.424362920112785
NO RECON: -0.6905350369849139
85 -17.565949658565017 -17.4657386242976
NO RECON: -0.6904658534830171
86 -17.59644592658567 -17.421120246445458
NO RECON: -0.6904439190360189
87 -17.598512284425894 -17.312310371993938
NO RECON: -0.6904393600006218
88 -17.605487468432408 -17.551112428399946
NO RECON: -0.6903582546043645
saving!
89 -17.58226078254661 -17.584726256715584
NO RECON: -0.6904038443222958
90 -17.627808472182622 -17.54462791454067
NO RECON: -0.6903774946822012
91 -17.592530957089036 -17.513986493337082
NO RECON: -0.6903868039136749
92 -17.57447431362122 -17.566283069409117
NO RECON: -0.6904642594061016
93 -17.659386240452555 -17.491331219402362
NO RECON: -0.6904825753851273
94 -17.637048558334413 -17.341925845975304
NO RECON: -0.6904185574697754
95 -17.57784432983996 -17.511752816597813
NO RECON: -0.6903437807660319
96 -17.67722968674019 -17.565317419886956
NO RECON: -0.6903954755445056
97 -17.6232265372387 -17.563653546527295
NO RECON: -0.6904973206811122
98 -17.646172592364298 -17.491161141166963
NO RECON: -0.6903799016904809
99 -17.592488242455595 -17.388740875344414
NO RECON: -0.6905311633173172
saving!
100 -17.60780839744886 -17.602227005874095
NO RECON: -0.6903251146867138
101 -17.657543437901857 -17.541500389912734
NO RECON: -0.6903611238731989
102 -17.589969559990383 -17.57316427078971
NO RECON: -0.6903267884138654
103 -17.640888811793193 -17.57844803112495
NO RECON: -0.6904615972989561
104 -17.667706194692517 -17.596927998149102
NO RECON: -0.6903667667741036
saving!
105 -17.66952660143503 -17.60741242960851
NO RECON: -0.6904552847639844
106 -17.67387689952059 -17.566545916382847
NO RECON: -0.6904553007047176
saving!
107 -17.652268426977137 -17.615408522224158
NO RECON: -0.6904769004521222
saving!
108 -17.685871150284186 -17.61678503676753
NO RECON: -0.6903930047655749
109 -17.656630951203535 -17.606259273321957
NO RECON: -0.6903911078459302
110 -17.64368622124011 -17.58638578100103
NO RECON: -0.6904237541079907
111 -17.678280429216763 -17.547857618028072
NO RECON: -0.6904306404602365
112 -17.67742948445762 -17.571994102926933
NO RECON: -0.6904366500867442
saving!
113 -17.672808440023232 -17.660872706889496
NO RECON: -0.6904434726966777
114 -17.685721206821906 -17.59465735726035
NO RECON: -0.6904851259192303
115 -17.66747147923064 -17.625041912046775
NO RECON: -0.690411782720703
116 -17.68477853567035 -17.626194987172216
NO RECON: -0.6904062035235198
117 -17.69210732173886 -17.615512420822718
NO RECON: -0.6904373833573911
118 -17.529827022759733 -17.58400612861332
NO RECON: -0.6904503590801901
119 -17.690769154374564 -17.636297040468428
NO RECON: -0.6905382411323269
120 -17.729200693510812 -17.61703058331866
NO RECON: -0.6903831854257824
121 -17.687813300041352 -17.54973129890236
NO RECON: -0.6904107306429718
122 -17.67013281220287 -17.596602773317848
NO RECON: -0.6904182864796095
123 -17.708298371152914 -17.64940904646118
NO RECON: -0.6905319922500099
124 -17.692913972276124 -17.654079204442038
NO RECON: -0.6903749442113073
125 -17.6890753203799 -17.649176265721668
NO RECON: -0.6905115877989366
126 -17.70799268946176 -17.652509688476
NO RECON: -0.6903791046677243
127 -17.68853649926325 -17.62749123548553
NO RECON: -0.6904147795495776
128 -17.7334739739339 -17.641854255040975
NO RECON: -0.690378514870978
129 -17.711216712006284 -17.622091950624327
NO RECON: -0.6904925384174696
saving!
130 -17.677112881222172 -17.707587608549943
NO RECON: -0.6903394131194456
131 -17.733103229752018 -17.679680053271824
NO RECON: -0.6903950132696313
132 -17.72807728517287 -17.650986126035548
NO RECON: -0.6904143810349804
133 -17.739471830667057 -17.66382737544677
NO RECON: -0.6905493042266413
134 -17.699150729004888 -17.664610263415867
NO RECON: -0.6904598278753491
135 -17.714879952743484 -17.676861609923918
NO RECON: -0.6903703693078943
136 -17.72186222938633 -17.67289484910505
NO RECON: -0.6905741086154565
137 -17.71314217168277 -17.682587052312343
NO RECON: -0.6905046056728491
138 -17.743620244130057 -17.700444058482905
NO RECON: -0.6903576169893251
saving!
139 -17.749935859841 -17.723780792638554
NO RECON: -0.6904948179624824
140 -17.726271233060487 -17.691535614258253
NO RECON: -0.6904555238749904
saving!
141 -17.72517786100082 -17.762656401411444
NO RECON: -0.6904345459194877
142 -17.712566473196695 -17.610314160761867
NO RECON: -0.6904983727798204
143 -17.731249673887028 -17.72188133716004
NO RECON: -0.6905326777137026
144 -17.75293715544205 -17.731224452619184
NO RECON: -0.6903963044513004
145 -17.7041108436951 -17.688730819336424
NO RECON: -0.6905220450681361
146 -17.681108314177308 -17.7057361220298
NO RECON: -0.6905076344476273
saving!
147 -17.743046034925598 -17.76999234337346
NO RECON: -0.690451172056742
148 -17.717758384445855 -17.53732122023677
NO RECON: -0.6903716923630899
149 -17.764169229266145 -17.644164497243608
NO RECON: -0.6905185699362487
150 -17.763407037801237 -17.74830018427307
NO RECON: -0.6904449073590092
151 -17.76514368457041 -17.690476411911803
NO RECON: -0.6904407787209142
152 -17.782465836632717 -17.721686043320446
NO RECON: -0.6904185734103738
153 -17.74173869625145 -17.662681036405633
NO RECON: -0.6904245989608038
154 -17.78099232402092 -17.696337080851926
NO RECON: -0.6903930525870892
155 -17.76152407393136 -17.745415491503
NO RECON: -0.6904467405393444
156 -17.78637352973508 -17.725578160876427
NO RECON: -0.6903227395892924
157 -17.776177281829042 -17.723895543691118
NO RECON: -0.6904903704596865
158 -17.769424442102235 -17.766433844973676
NO RECON: -0.690457596170927
159 -17.779037366601152 -17.680293648069632
NO RECON: -0.690429317387083
160 -17.802256208167833 -17.745745062156402
NO RECON: -0.6903996519611201
161 -17.789837289996555 -17.7377739230558
NO RECON: -0.6903641047267178
162 -17.77957247772483 -17.700349105851632
NO RECON: -0.6904659013053337
163 -17.81120695552591 -17.762572923398817
NO RECON: -0.6904401092124036
164 -17.828334855134223 -17.695867361736745
NO RECON: -0.6904510764124341
165 -17.813759400970945 -17.76965959273688
NO RECON: -0.6903493758233682
166 -17.802601664218894 -17.756953037666054
NO RECON: -0.6904409221870367
167 -17.794379478059923 -17.699034358562763
NO RECON: -0.6903826434498821
saving!
168 -17.82845171281672 -17.804552247570562
NO RECON: -0.6903036750959702
169 -17.82239363348228 -17.742119605968448
NO RECON: -0.6903525320127379
170 -17.814849965278242 -17.750020621114828
NO RECON: -0.6905475825905162
171 -17.804662886027142 -17.753770213498395
NO RECON: -0.690506789578661
172 -17.80319195852765 -17.784549457531657
NO RECON: -0.6904538660389531
173 -17.831042669639448 -17.79907758060671
NO RECON: -0.6904109697515247
saving!
174 -17.863022428969927 -17.811153514135732
NO RECON: -0.6903390783729908
175 -17.828214799743233 -17.75500985452194
NO RECON: -0.6903667508336948
176 -17.871307444682554 -17.776819693349015
NO RECON: -0.6904273088671617
177 -17.849811913079602 -17.806551052530104
saving results to res/models/model=NA_ALISTA_UR_128__m=100__s=8__k=12__noise=GaussianNoise10__n=256/train_log
Done.
Running: model=NA_ALISTA_UR_128__m=100__s=8__k=14__noise=GaussianNoise10__n=256
m
100
[628 285 809 540 237 473 495 743 489 547 745 576 299 666 567 453 449 754
 793 417 546 681 421 343 561 213 217 214 427 547 252 572 216 542 221 749
 395 523 714 747 555 674 403 662 768 474 450 746 348 294 270 345 338 773
 723 702 417 439 498 432 514 524 739 415 775 441 359 722 577 384 309 281
 648 615 476 787 626 488 213 219 317 602 802 753 633 521 756 557 233 487
 795 568 529 746 415 438 663 231 348 453]
NO RECON: -0.6905321994832085
saving!
0 -9.895142364645974 -10.534922896270782
NO RECON: -0.6903980260274569
saving!
1 -11.771563115052093 -14.068964464663317
NO RECON: -0.6903835042351671
saving!
2 -16.37140433160775 -17.060598643980043
NO RECON: -0.6903789930845499
saving!
3 -17.27762106311021 -17.275364019207302
NO RECON: -0.6905025971181089
saving!
4 -17.390939334948637 -17.32112588936078
NO RECON: -0.6904630479080366
saving!
5 -17.549345363015433 -17.510580261288144
NO RECON: -0.6904209166789922
6 -17.463145231763264 -17.47390260240924
NO RECON: -0.6904680054877819
7 -17.503419790235522 -17.415695471201
NO RECON: -0.6905074272156014
saving!
8 -17.617886238540223 -17.568317739939488
NO RECON: -0.6904806943671862
saving!
9 -17.664030933153224 -17.610600717215053
NO RECON: -0.6903621918793047
10 -17.607127102612857 -17.551504145053627
NO RECON: -0.6904581222154373
saving!
11 -17.68900059004238 -17.687839946688975
NO RECON: -0.6904206775698916
12 -17.73055982498868 -17.68227504826871
NO RECON: -0.6903346310296805
13 -17.64046499276492 -17.65336062966149
NO RECON: -0.6902874161460476
saving!
14 -17.700201619145254 -17.711555979845688
NO RECON: -0.6904309114511733
15 -17.693313935189106 -17.611902359252866
NO RECON: -0.6904000823554273
saving!
16 -17.723885536516256 -17.781980230916705
NO RECON: -0.6904491635267139
17 -17.81170253655956 -17.661698105614633
NO RECON: -0.6905026768226439
18 -17.53681570686933 -17.572282770436033
NO RECON: -0.6903596892385445
19 -17.76057026570869 -17.64740636551779
NO RECON: -0.6904540892091524
20 -17.783917024244012 -17.74695744955321
NO RECON: -0.6904615016544186
21 -17.740937049077367 -17.702122231153204
NO RECON: -0.6904950411347859
22 -17.702506490285785 -17.723129038516202
NO RECON: -0.6904758164769982
23 -17.793249677612703 -17.75915618253902
NO RECON: -0.6903457733069919
24 -17.783948183711207 -17.703044069748692
NO RECON: -0.6904100930202279
25 -17.799908331653047 -17.711460018787545
NO RECON: -0.6904598438160993
26 -17.802341393899347 -17.777812485596087
NO RECON: -0.6903839824492884
27 -17.684064068449185 -17.77998862211254
