Using: cuda
Running: model=ALISTA__m=100__s=8__k=1__noise=GaussianNoise10__n=256
m
100
[628 285 809 540 237 473 495 743 489 547 745 576 299 666 567 453 449 754
 793 417 546 681 421 343 561 213 217 214 427 547 252 572 216 542 221 749
 395 523 714 747 555 674 403 662 768 474 450 746 348 294 270 345 338 773
 723 702 417 439 498 432 514 524 739 415 775 441 359 722 577 384 309 281
 648 615 476 787 626 488 213 219 317 602 802 753 633 521 756 557 233 487
 795 568 529 746 415 438 663 231 348 453]
NO RECON: -0.6905321994832085
saving!
0 -2.0232694882992917 -2.0457610691622325
NO RECON: -0.6903980260274569
saving!
1 -2.066706970673437 -2.0758537013133136
NO RECON: -0.6903835042351671
saving!
2 -2.090033287987977 -2.093648181099593
NO RECON: -0.6903789930845499
saving!
3 -2.1042403383664263 -2.1056268932556605
NO RECON: -0.6905025971181089
saving!
4 -2.11337226983465 -2.1136168864854876
NO RECON: -0.6904630479080366
saving!
5 -2.1207740045778136 -2.119465035230259
NO RECON: -0.6904209166789922
saving!
6 -2.126026764861794 -2.124201681201849
NO RECON: -0.6904680054877819
saving!
7 -2.1309798839933194 -2.129379066647761
NO RECON: -0.6905074272156014
saving!
8 -2.1352016174977315 -2.1337589736813554
NO RECON: -0.6904806943671862
saving!
9 -2.139222192346092 -2.137015933839695
NO RECON: -0.6903621918793047
saving!
10 -2.1424678696024846 -2.139295486550844
NO RECON: -0.6904581222154373
saving!
11 -2.146120655230428 -2.1434199817919546
NO RECON: -0.6904206775698916
saving!
12 -2.148978647289436 -2.14684812966981
NO RECON: -0.6903346310296805
saving!
13 -2.152907885589989 -2.1498514220837643
NO RECON: -0.6902874161460476
saving!
14 -2.1558223920495703 -2.1528435777420003
NO RECON: -0.6904309114511733
saving!
15 -2.15896581459069 -2.1570414961469595
NO RECON: -0.6904000823554273
saving!
16 -2.1622801777626948 -2.160148935687235
NO RECON: -0.6904491635267139
saving!
17 -2.166058560226642 -2.1637537940109617
NO RECON: -0.6905026768226439
saving!
18 -2.168900162796188 -2.1666037156499347
NO RECON: -0.6903596892385445
saving!
19 -2.1719352911183663 -2.1698500690115865
NO RECON: -0.6904540892091524
saving!
20 -2.175030082178698 -2.173307382797135
NO RECON: -0.6904615016544186
saving!
21 -2.1779641463885477 -2.1758280292505874
NO RECON: -0.6904950411347859
saving!
22 -2.1810776700498162 -2.179331050200198
NO RECON: -0.6904758164769982
saving!
23 -2.1845530583453137 -2.1819148157604067
NO RECON: -0.6903457733069919
saving!
24 -2.1872333638287027 -2.184785633909185
NO RECON: -0.6904100930202279
saving!
25 -2.191190508475315 -2.1877398329211886
NO RECON: -0.6904598438160993
saving!
26 -2.1938327396232817 -2.191950371347236
NO RECON: -0.6903839824492884
saving!
27 -2.1968879561421466 -2.194710403622082
NO RECON: -0.690460927787236
saving!
28 -2.1995796986053326 -2.1975246052428146
NO RECON: -0.6903827709736172
saving!
29 -2.202904977904356 -2.200637074993085
NO RECON: -0.6904220803434697
saving!
30 -2.2060680283100584 -2.2037244706637025
NO RECON: -0.6904339879965226
saving!
31 -2.209260453955204 -2.2071933610919947
NO RECON: -0.6903821652359083
saving!
32 -2.212280650431658 -2.210562819895599
NO RECON: -0.6904195617275964
saving!
33 -2.215269824769402 -2.212882243459906
NO RECON: -0.6904632710787071
saving!
34 -2.2185216306489224 -2.2159497985458505
NO RECON: -0.6904694401582177
saving!
35 -2.2216541436169446 -2.2187906066629344
NO RECON: -0.6904175850933768
saving!
36 -2.2242387703738995 -2.2228478425932234
NO RECON: -0.690416038855945
saving!
37 -2.22750659104291 -2.22543348396611
NO RECON: -0.6904610074910067
saving!
38 -2.2310483764615023 -2.227870743070951
NO RECON: -0.690433653242778
saving!
39 -2.234130744896906 -2.230886701462608
NO RECON: -0.6903863575802036
saving!
40 -2.237151231002363 -2.2345346540261923
NO RECON: -0.6904742702188342
saving!
41 -2.2399590324190037 -2.23756576158196
NO RECON: -0.6904874373420549
saving!
42 -2.2432378540177726 -2.2413448823989315
NO RECON: -0.6905091169539467
saving!
43 -2.246110412199385 -2.2440851112782325
NO RECON: -0.6904744933900814
saving!
44 -2.2491315083123684 -2.2471276163464964
NO RECON: -0.6904219528185804
saving!
45 -2.2523293543789737 -2.249394255611421
NO RECON: -0.69032313809548
saving!
46 -2.255265312358393 -2.2523486655530327
NO RECON: -0.690316315674585
saving!
47 -2.2579684633165633 -2.2557045072567092
NO RECON: -0.6904652955560299
saving!
48 -2.2611653192312016 -2.25812341497629
NO RECON: -0.6904660128907409
saving!
49 -2.264156633834797 -2.261865927129759
NO RECON: -0.6905223957696733
saving!
50 -2.2673637888582507 -2.265676617320063
NO RECON: -0.690408100449758
saving!
51 -2.2700206936610505 -2.2684078775293135
NO RECON: -0.6904171706379287
saving!
52 -2.273004653037648 -2.2709674860497593
NO RECON: -0.6903520538020803
saving!
53 -2.2763056448200074 -2.273583344266946
NO RECON: -0.6903934510997292
saving!
54 -2.2794755895813528 -2.2775001065380205
NO RECON: -0.6903654277800051
saving!
55 -2.2825225688281545 -2.2794657312754323
NO RECON: -0.6904366182054144
saving!
56 -2.2856743803830026 -2.283213990653691
NO RECON: -0.6904582019191567
saving!
57 -2.288483237902873 -2.2859177746878694
NO RECON: -0.6904741267516096
saving!
58 -2.291375772038065 -2.2882088773475613
NO RECON: -0.6903993969126623
saving!
59 -2.2939637138806006 -2.2921658501211875
NO RECON: -0.6904210282632437
saving!
60 -2.2976382145403793 -2.295339926821284
NO RECON: -0.6904182705390122
saving!
61 -2.30043880230962 -2.2975403433423294
NO RECON: -0.6904355501810058
saving!
62 -2.3032623455604377 -2.300632089632061
NO RECON: -0.6904152577671421
saving!
63 -2.306294718737734 -2.30352499287133
NO RECON: -0.6903334195677759
saving!
64 -2.309317836678504 -2.306359812263439
NO RECON: -0.6904551731788526
saving!
65 -2.3123923606706462 -2.310249735454813
NO RECON: -0.6904238338110793
saving!
66 -2.315411141350691 -2.3123809285812356
NO RECON: -0.6904300825377735
saving!
67 -2.3187485753179917 -2.316115022441324
NO RECON: -0.6904731224811715
saving!
68 -2.321146098187361 -2.3179051199813765
NO RECON: -0.6904227020273592
saving!
69 -2.3250378334622006 -2.321246373844864
NO RECON: -0.6904103321287459
saving!
70 -2.327825675083446 -2.3242817841161694
NO RECON: -0.6904604176831382
saving!
71 -2.3307547704211444 -2.3272560646220795
NO RECON: -0.6905011464958183
saving!
72 -2.333241000891459 -2.331376809599838
NO RECON: -0.6903716286013843
saving!
73 -2.336252256080672 -2.3338597967815704
NO RECON: -0.6904823840951296
saving!
74 -2.3388723258744024 -2.3364491096222446
NO RECON: -0.690441527932941
saving!
75 -2.3422796891691027 -2.339672903681917
NO RECON: -0.6904658056607014
saving!
76 -2.3454299715342506 -2.342515567466365
NO RECON: -0.6904203428171729
saving!
77 -2.34822080911249 -2.3449250428892645
NO RECON: -0.6904122290567873
saving!
78 -2.3509642570318605 -2.3478889839502317
saving results to res/models/model=ALISTA__m=100__s=8__k=1__noise=GaussianNoise10__n=256/train_log
Done.
Running: model=ALISTA__m=100__s=8__k=2__noise=GaussianNoise10__n=256
m
100
[628 285 809 540 237 473 495 743 489 547 745 576 299 666 567 453 449 754
 793 417 546 681 421 343 561 213 217 214 427 547 252 572 216 542 221 749
 395 523 714 747 555 674 403 662 768 474 450 746 348 294 270 345 338 773
 723 702 417 439 498 432 514 524 739 415 775 441 359 722 577 384 309 281
 648 615 476 787 626 488 213 219 317 602 802 753 633 521 756 557 233 487
 795 568 529 746 415 438 663 231 348 453]
NO RECON: -0.6905321994832085
saving!
0 -2.9923450394778173 -3.0605321479672423
NO RECON: -0.6903980260274569
saving!
1 -3.122474713153583 -3.1675575213142473
NO RECON: -0.6903835042351671
saving!
2 -3.212705516363324 -3.2449563228149976
NO RECON: -0.6903789930845499
saving!
3 -3.2808228406539635 -3.3041559937685996
NO RECON: -0.6905025971181089
saving!
4 -3.332751229937455 -3.3533796571011636
NO RECON: -0.6904630479080366
saving!
5 -3.376477785363925 -3.3931894066649426
NO RECON: -0.6904209166789922
saving!
6 -3.4143892006800076 -3.4270591944551043
NO RECON: -0.6904680054877819
saving!
7 -3.4469103453419354 -3.458044647453829
NO RECON: -0.6905074272156014
saving!
8 -3.474800108874633 -3.48416220795757
NO RECON: -0.6904806943671862
saving!
9 -3.4993426315319223 -3.5060896595666007
NO RECON: -0.6903621918793047
saving!
10 -3.52042772401291 -3.526454557617817
NO RECON: -0.6904581222154373
saving!
11 -3.539418557429202 -3.5434717751826863
NO RECON: -0.6904206775698916
saving!
12 -3.5549163366917003 -3.558606751303071
NO RECON: -0.6903346310296805
saving!
13 -3.5705122371097 -3.573241012619985
NO RECON: -0.6902874161460476
saving!
14 -3.5843559311724698 -3.585230396622856
NO RECON: -0.6904309114511733
saving!
15 -3.596335807738317 -3.598775712915163
NO RECON: -0.6904000823554273
saving!
16 -3.6079889627727333 -3.6117408723603144
NO RECON: -0.6904491635267139
saving!
17 -3.617886454265174 -3.620394259061796
NO RECON: -0.6905026768226439
saving!
18 -3.6290793027243176 -3.629715429862329
NO RECON: -0.6903596892385445
saving!
19 -3.6373713325909 -3.638786486409865
NO RECON: -0.6904540892091524
saving!
20 -3.646704631575756 -3.649111223524627
NO RECON: -0.6904615016544186
saving!
21 -3.6543047296271043 -3.65689780244649
NO RECON: -0.6904950411347859
saving!
22 -3.6625213307712885 -3.66513149038257
NO RECON: -0.6904758164769982
saving!
23 -3.6708548615428716 -3.6716029669124235
NO RECON: -0.6903457733069919
saving!
24 -3.6778648621245535 -3.680630124833773
NO RECON: -0.6904100930202279
saving!
25 -3.6855449075665065 -3.686298687384839
NO RECON: -0.6904598438160993
saving!
26 -3.6926359487803664 -3.6921924835602464
NO RECON: -0.6903839824492884
saving!
27 -3.6992436863535483 -3.6995325042528155
NO RECON: -0.690460927787236
saving!
28 -3.704780017103668 -3.705037231315039
NO RECON: -0.6903827709736172
saving!
29 -3.712459783875829 -3.7127192373415276
NO RECON: -0.6904220803434697
saving!
30 -3.718469957229922 -3.716478564978576
NO RECON: -0.6904339879965226
saving!
31 -3.724252678092071 -3.722707217364929
NO RECON: -0.6903821652359083
saving!
32 -3.7317901441372925 -3.7305753592812474
NO RECON: -0.6904195617275964
saving!
33 -3.7361632056719607 -3.7372622743152517
NO RECON: -0.6904632710787071
saving!
34 -3.742640273543681 -3.741740958214602
NO RECON: -0.6904694401582177
saving!
35 -3.7479009924953615 -3.748609478319585
NO RECON: -0.6904175850933768
saving!
36 -3.753409115122336 -3.751768354785747
NO RECON: -0.690416038855945
saving!
37 -3.7590940280043936 -3.7594797683862744
NO RECON: -0.6904610074910067
saving!
38 -3.7652331069579335 -3.764864361210372
NO RECON: -0.690433653242778
saving!
39 -3.770832741369683 -3.770445870539498
NO RECON: -0.6903863575802036
saving!
40 -3.7768048867402584 -3.775280569224738
NO RECON: -0.6904742702188342
saving!
41 -3.780481386563781 -3.781478366937017
NO RECON: -0.6904874373420549
saving!
42 -3.7867333692745224 -3.785582657174186
NO RECON: -0.6905091169539467
saving!
43 -3.791751894718912 -3.791207004006169
NO RECON: -0.6904744933900814
saving!
44 -3.7969603706123567 -3.7972964278328343
NO RECON: -0.6904219528185804
saving!
45 -3.8021679160585724 -3.8008672906107837
NO RECON: -0.69032313809548
saving!
46 -3.8067834257019726 -3.8055952734246965
NO RECON: -0.690316315674585
saving!
47 -3.8123381112035686 -3.8115590019947474
NO RECON: -0.6904652955560299
saving!
48 -3.817066245699545 -3.8169917466550203
NO RECON: -0.6904660128907409
saving!
49 -3.8214921331385017 -3.8219749203515994
NO RECON: -0.6905223957696733
saving!
50 -3.8272650653992377 -3.8261341195259257
NO RECON: -0.690408100449758
saving!
51 -3.8315791218297934 -3.832357170868521
NO RECON: -0.6904171706379287
saving!
52 -3.8370721662707585 -3.836328477388534
NO RECON: -0.6903520538020803
saving!
53 -3.841202201629415 -3.842716898593541
NO RECON: -0.6903934510997292
saving!
54 -3.8476066794357786 -3.8463905961689466
NO RECON: -0.6903654277800051
saving!
55 -3.853097268047408 -3.8492322902072345
NO RECON: -0.6904366182054144
saving!
56 -3.8565366589224 -3.856797162408974
NO RECON: -0.6904582019191567
saving!
57 -3.8600347300040805 -3.8596850289733564
NO RECON: -0.6904741267516096
saving!
58 -3.8658816201383983 -3.865853200259441
NO RECON: -0.6903993969126623
saving!
59 -3.8688938605978986 -3.86859519113393
NO RECON: -0.6904210282632437
saving!
60 -3.8751772807322515 -3.875677202084141
NO RECON: -0.6904182705390122
saving!
61 -3.8803649380182694 -3.8802048783114422
NO RECON: -0.6904355501810058
saving!
62 -3.884615632256735 -3.884969814245575
NO RECON: -0.6904152577671421
saving!
63 -3.888971856225776 -3.8886471509062606
NO RECON: -0.6903334195677759
saving!
64 -3.894264201453815 -3.892566526371592
NO RECON: -0.6904551731788526
saving!
65 -3.9001780672952457 -3.8950385396498084
NO RECON: -0.6904238338110793
saving!
66 -3.902827611219703 -3.901582273332554
NO RECON: -0.6904300825377735
saving!
67 -3.9080520190909747 -3.9068973283264095
NO RECON: -0.6904731224811715
saving!
68 -3.9126062873495044 -3.912197524083897
NO RECON: -0.6904227020273592
saving!
69 -3.9170094115606964 -3.914829058218989
NO RECON: -0.6904103321287459
saving!
70 -3.92198468531722 -3.9194919210797154
NO RECON: -0.6904604176831382
saving!
71 -3.9262792517648544 -3.924656442766315
NO RECON: -0.6905011464958183
saving!
72 -3.9302344790493917 -3.9304071290244176
NO RECON: -0.6903716286013843
saving!
73 -3.935812017706576 -3.9354048012023446
NO RECON: -0.6904823840951296
saving!
74 -3.939958250433815 -3.939944341831409
NO RECON: -0.690441527932941
saving!
75 -3.945153273490911 -3.943592313392563
NO RECON: -0.6904658056607014
saving!
76 -3.9487780481747583 -3.947771449072195
NO RECON: -0.6904203428171729
saving!
77 -3.9535337555539622 -3.9526941148748795
NO RECON: -0.6904122290567873
saving!
78 -3.9576505404878723 -3.958340661969712
NO RECON: -0.6903696360485618
saving!
79 -3.962122810994532 -3.959486503186377
NO RECON: -0.6904609437279903
saving!
80 -3.9667506467889204 -3.9672833969284547
NO RECON: -0.690414349153814
saving!
81 -3.9712721505641397 -3.97118804928926
NO RECON: -0.6903257204164654
saving!
82 -3.9766742193319016 -3.9741613870880825
NO RECON: -0.6905247390943104
saving!
83 -3.979969359827766 -3.9789673675540755
NO RECON: -0.690452973358272
saving!
84 -3.985363695536516 -3.9855735781746726
NO RECON: -0.6905350369849139
saving!
85 -3.9880141887607046 -3.9907915300869017
NO RECON: -0.6904658534830171
saving!
86 -3.9930855146295285 -3.996555690704635
NO RECON: -0.6904439190360189
saving!
87 -3.997473492875223 -3.998382432158995
saving results to res/models/model=ALISTA__m=100__s=8__k=2__noise=GaussianNoise10__n=256/train_log
Done.
Running: model=ALISTA__m=100__s=8__k=4__noise=GaussianNoise10__n=256
m
100
[628 285 809 540 237 473 495 743 489 547 745 576 299 666 567 453 449 754
 793 417 546 681 421 343 561 213 217 214 427 547 252 572 216 542 221 749
 395 523 714 747 555 674 403 662 768 474 450 746 348 294 270 345 338 773
 723 702 417 439 498 432 514 524 739 415 775 441 359 722 577 384 309 281
 648 615 476 787 626 488 213 219 317 602 802 753 633 521 756 557 233 487
 795 568 529 746 415 438 663 231 348 453]
NO RECON: -0.6905321994832085
saving!
0 -4.705276280721946 -4.827665845875533
NO RECON: -0.6903980260274569
saving!
1 -4.937218766650489 -5.025419668573617
NO RECON: -0.6903835042351671
saving!
2 -5.116347370143128 -5.1893848151666555
NO RECON: -0.6903789930845499
saving!
3 -5.262034647629033 -5.313616587398946
NO RECON: -0.6905025971181089
saving!
4 -5.372293510581237 -5.413246921632677
NO RECON: -0.6904630479080366
saving!
5 -5.460967108434234 -5.496810005349914
NO RECON: -0.6904209166789922
saving!
6 -5.534384167815762 -5.561832782802538
NO RECON: -0.6904680054877819
saving!
7 -5.597422395395297 -5.617825843158009
NO RECON: -0.6905074272156014
saving!
8 -5.651085725256433 -5.669562236544681
NO RECON: -0.6904806943671862
saving!
9 -5.698445197326613 -5.71361847129753
NO RECON: -0.6903621918793047
saving!
10 -5.739549888012889 -5.750943647717024
NO RECON: -0.6904581222154373
saving!
11 -5.7793689801236265 -5.791914096450512
NO RECON: -0.6904206775698916
saving!
12 -5.81340463199364 -5.8262917846696425
NO RECON: -0.6903346310296805
saving!
13 -5.84911195109491 -5.8575458744428355
NO RECON: -0.6902874161460476
saving!
14 -5.880054455686016 -5.884118258495139
NO RECON: -0.6904309114511733
saving!
15 -5.909492901741311 -5.9161207435464025
NO RECON: -0.6904000823554273
saving!
16 -5.935844476871334 -5.94110855069292
NO RECON: -0.6904491635267139
saving!
17 -5.963658549438282 -5.963159748483291
NO RECON: -0.6905026768226439
saving!
18 -5.98951327069506 -5.9927442026827045
NO RECON: -0.6903596892385445
saving!
19 -6.011156633532881 -6.013657504961259
NO RECON: -0.6904540892091524
saving!
20 -6.035091516261689 -6.033713965996074
NO RECON: -0.6904615016544186
saving!
21 -6.053706958628351 -6.055641988585578
NO RECON: -0.6904950411347859
saving!
22 -6.077008058848849 -6.074962955714951
NO RECON: -0.6904758164769982
saving!
23 -6.095952356975753 -6.10090142561257
NO RECON: -0.6903457733069919
saving!
24 -6.116598381697366 -6.1144646993582805
NO RECON: -0.6904100930202279
saving!
25 -6.13478128655089 -6.132845814158837
NO RECON: -0.6904598438160993
saving!
26 -6.152250676071911 -6.1479683269834675
NO RECON: -0.6903839824492884
saving!
27 -6.170754151182153 -6.167607226880092
NO RECON: -0.690460927787236
saving!
28 -6.185302348569978 -6.181132784093788
NO RECON: -0.6903827709736172
saving!
29 -6.203859620515974 -6.199339799471881
NO RECON: -0.6904220803434697
saving!
30 -6.218876595151772 -6.213330073370711
NO RECON: -0.6904339879965226
saving!
31 -6.232712407083594 -6.2308841899652965
NO RECON: -0.6903821652359083
saving!
32 -6.2510164799732815 -6.2405964330482995
NO RECON: -0.6904195617275964
saving!
33 -6.262549124515994 -6.2587005292797215
NO RECON: -0.6904632710787071
saving!
34 -6.277191894214323 -6.271357937469967
NO RECON: -0.6904694401582177
saving!
35 -6.290242226714465 -6.282465735986774
NO RECON: -0.6904175850933768
saving!
36 -6.3032059632887005 -6.294476555880611
NO RECON: -0.690416038855945
saving!
37 -6.318641759932483 -6.307207529579487
NO RECON: -0.6904610074910067
saving!
38 -6.332099379932482 -6.324674414685903
NO RECON: -0.690433653242778
saving!
39 -6.345273938573614 -6.338940050397047
NO RECON: -0.6903863575802036
saving!
40 -6.358285244286117 -6.350732966426925
NO RECON: -0.6904742702188342
saving!
41 -6.37057061011821 -6.361485343565196
NO RECON: -0.6904874373420549
saving!
42 -6.382139448350124 -6.376675111151096
NO RECON: -0.6905091169539467
saving!
43 -6.393219660981837 -6.387936476659536
NO RECON: -0.6904744933900814
saving!
44 -6.404563518296734 -6.398072949313892
NO RECON: -0.6904219528185804
saving!
45 -6.419338015661385 -6.410184583064998
NO RECON: -0.69032313809548
saving!
46 -6.427662301730409 -6.4168529283800035
NO RECON: -0.690316315674585
saving!
47 -6.4389622128614485 -6.432227543556266
NO RECON: -0.6904652955560299
saving!
48 -6.449736917478775 -6.441568542004454
NO RECON: -0.6904660128907409
saving!
49 -6.462174837371824 -6.452430040425257
NO RECON: -0.6905223957696733
saving!
50 -6.471773677868448 -6.461842455160628
NO RECON: -0.690408100449758
saving!
51 -6.482174116433011 -6.4736305336834254
NO RECON: -0.6904171706379287
saving!
52 -6.495088732430972 -6.481089374412443
NO RECON: -0.6903520538020803
saving!
53 -6.5043953641776096 -6.497077983757885
NO RECON: -0.6903934510997292
saving!
54 -6.51390256060078 -6.503604782978776
NO RECON: -0.6903654277800051
saving!
55 -6.527923150906 -6.517401360316375
NO RECON: -0.6904366182054144
saving!
56 -6.535163389987312 -6.531481343462936
NO RECON: -0.6904582019191567
saving!
57 -6.544936735489757 -6.534148670880619
NO RECON: -0.6904741267516096
saving!
58 -6.554963450326313 -6.539392506600622
NO RECON: -0.6903993969126623
saving!
59 -6.561238730058054 -6.5546270118904735
NO RECON: -0.6904210282632437
saving!
60 -6.5731571802369695 -6.560779913370731
NO RECON: -0.6904182705390122
saving!
61 -6.581919411932596 -6.571268532881314
NO RECON: -0.6904355501810058
saving!
62 -6.591056321487255 -6.57724537886084
NO RECON: -0.6904152577671421
saving!
63 -6.603659932251409 -6.588344343225167
NO RECON: -0.6903334195677759
saving!
64 -6.610754237972265 -6.596786598695799
NO RECON: -0.6904551731788526
saving!
65 -6.621994874099222 -6.606300628985377
NO RECON: -0.6904238338110793
saving!
66 -6.630899337914135 -6.615884313245126
NO RECON: -0.6904300825377735
saving!
67 -6.638473161446194 -6.620287559527428
NO RECON: -0.6904731224811715
saving!
68 -6.647271638771174 -6.632849875107107
NO RECON: -0.6904227020273592
saving!
69 -6.6567596417269606 -6.643878586961324
NO RECON: -0.6904103321287459
saving!
70 -6.665489259637903 -6.654076162405466
NO RECON: -0.6904604176831382
saving!
71 -6.673447974730859 -6.660146213039396
NO RECON: -0.6905011464958183
saving!
72 -6.679944962854361 -6.674085106087478
NO RECON: -0.6903716286013843
saving!
73 -6.692813759639251 -6.680480368703616
NO RECON: -0.6904823840951296
saving!
74 -6.698986168358009 -6.685005454403451
NO RECON: -0.690441527932941
saving!
75 -6.708914905201386 -6.6951210955052005
NO RECON: -0.6904658056607014
saving!
76 -6.714513033891851 -6.7021466168505075
NO RECON: -0.6904203428171729
saving!
77 -6.726478034904853 -6.706167762596512
NO RECON: -0.6904122290567873
saving!
78 -6.7334272462577225 -6.720871540244424
NO RECON: -0.6903696360485618
saving!
79 -6.739791860772186 -6.729742240155348
NO RECON: -0.6904609437279903
saving!
80 -6.749817296310136 -6.735808653657034
NO RECON: -0.690414349153814
saving!
81 -6.756268702155035 -6.739055531138849
NO RECON: -0.6903257204164654
saving!
82 -6.7652907808490745 -6.7529537262902135
NO RECON: -0.6905247390943104
saving!
83 -6.770909851622022 -6.756808917102589
NO RECON: -0.690452973358272
saving!
84 -6.781461444074902 -6.765190894658186
NO RECON: -0.6905350369849139
saving!
85 -6.7869765552785335 -6.774602645107702
NO RECON: -0.6904658534830171
saving!
86 -6.7963669545449665 -6.782102622868672
NO RECON: -0.6904439190360189
saving!
87 -6.805675196656096 -6.792042147099514
NO RECON: -0.6904393600006218
saving!
88 -6.81177583921785 -6.801520665242333
NO RECON: -0.6903582546043645
saving!
89 -6.822319959856021 -6.804409068100884
NO RECON: -0.6904038443222958
saving!
90 -6.828259915142799 -6.813727508543959
NO RECON: -0.6903774946822012
saving!
91 -6.834397041394493 -6.81887357860694
NO RECON: -0.6903868039136749
saving!
92 -6.844544003044735 -6.831061338399681
NO RECON: -0.6904642594061016
saving!
93 -6.8516811182957404 -6.838535107096217
NO RECON: -0.6904825753851273
saving!
94 -6.857343363367935 -6.839715859838504
NO RECON: -0.6904185574697754
saving!
95 -6.869664518078926 -6.853032584505236
NO RECON: -0.6903437807660319
saving!
96 -6.875270626918364 -6.863379511849085
NO RECON: -0.6903954755445056
saving!
97 -6.881577096443675 -6.866466811155379
NO RECON: -0.6904973206811122
saving!
98 -6.8916819639159455 -6.879121152728858
NO RECON: -0.6903799016904809
saving!
99 -6.899014626203738 -6.882815150469126
NO RECON: -0.6905311633173172
saving!
100 -6.903655223030325 -6.888615976198795
NO RECON: -0.6903251146867138
saving!
101 -6.912161885055353 -6.8924476347902655
NO RECON: -0.6903611238731989
saving!
102 -6.9200075178607765 -6.905250579391887
NO RECON: -0.6903267884138654
saving!
103 -6.930512870661247 -6.911890928167713
NO RECON: -0.6904615972989561
saving!
104 -6.937726491789055 -6.923751659281998
NO RECON: -0.6903667667741036
saving!
105 -6.944569398040825 -6.925927931219082
saving results to res/models/model=ALISTA__m=100__s=8__k=4__noise=GaussianNoise10__n=256/train_log
Done.
Running: model=ALISTA__m=100__s=8__k=6__noise=GaussianNoise10__n=256
m
100
[628 285 809 540 237 473 495 743 489 547 745 576 299 666 567 453 449 754
 793 417 546 681 421 343 561 213 217 214 427 547 252 572 216 542 221 749
 395 523 714 747 555 674 403 662 768 474 450 746 348 294 270 345 338 773
 723 702 417 439 498 432 514 524 739 415 775 441 359 722 577 384 309 281
 648 615 476 787 626 488 213 219 317 602 802 753 633 521 756 557 233 487
 795 568 529 746 415 438 663 231 348 453]
NO RECON: -0.6905321994832085
saving!
0 -6.150422080969815 -6.345340837094162
NO RECON: -0.6903980260274569
saving!
1 -6.509979912484861 -6.646884449163725
NO RECON: -0.6903835042351671
saving!
2 -6.760029274442511 -6.851100237557581
NO RECON: -0.6903789930845499
saving!
3 -6.942534472164041 -7.007133275227141
NO RECON: -0.6905025971181089
saving!
4 -7.08276284805212 -7.134908580454341
NO RECON: -0.6904630479080366
saving!
5 -7.195986151010983 -7.24059672957002
NO RECON: -0.6904209166789922
saving!
6 -7.2937264217224795 -7.325626849185567
NO RECON: -0.6904680054877819
saving!
7 -7.379801377346029 -7.403388467293758
NO RECON: -0.6905074272156014
saving!
8 -7.4555958505809805 -7.47587219300645
NO RECON: -0.6904806943671862
saving!
9 -7.524021289005288 -7.543367588552
NO RECON: -0.6903621918793047
saving!
10 -7.585459255317682 -7.5964451920096865
NO RECON: -0.6904581222154373
saving!
11 -7.642724302905886 -7.650782945587781
NO RECON: -0.6904206775698916
saving!
12 -7.694167006565882 -7.701480199301145
NO RECON: -0.6903346310296805
saving!
13 -7.7426065703308655 -7.750100853688506
NO RECON: -0.6902874161460476
saving!
14 -7.7877872341858945 -7.786340987652967
NO RECON: -0.6904309114511733
saving!
15 -7.828427901467066 -7.826756274491535
NO RECON: -0.6904000823554273
saving!
16 -7.865713339500468 -7.863397544807153
NO RECON: -0.6904491635267139
saving!
17 -7.9046854159786175 -7.895865119126472
NO RECON: -0.6905026768226439
saving!
18 -7.940946439980806 -7.933159378125826
NO RECON: -0.6903596892385445
saving!
19 -7.97153804693734 -7.969654897294819
NO RECON: -0.6904540892091524
saving!
20 -8.007287446081081 -7.992911575970478
NO RECON: -0.6904615016544186
saving!
21 -8.032458314022099 -8.02969020047021
NO RECON: -0.6904950411347859
saving!
22 -8.063121033234733 -8.049343767624281
NO RECON: -0.6904758164769982
saving!
23 -8.088090219731399 -8.086353312138112
NO RECON: -0.6903457733069919
saving!
24 -8.118406141252551 -8.105308997524903
NO RECON: -0.6904100930202279
saving!
25 -8.144958976222386 -8.133570111144351
NO RECON: -0.6904598438160993
saving!
26 -8.170695621030955 -8.158032873300098
NO RECON: -0.6903839824492884
saving!
27 -8.192906741605837 -8.173927742475177
NO RECON: -0.690460927787236
saving!
28 -8.215798296845533 -8.204934606115843
NO RECON: -0.6903827709736172
saving!
29 -8.242449455427337 -8.227670921543396
NO RECON: -0.6904220803434697
saving!
30 -8.264843616722073 -8.247239220322612
NO RECON: -0.6904339879965226
saving!
31 -8.283441514808112 -8.268351294782754
NO RECON: -0.6903821652359083
saving!
32 -8.307151824054339 -8.28663928423899
NO RECON: -0.6904195617275964
saving!
33 -8.323390382290615 -8.310911796816669
NO RECON: -0.6904632710787071
saving!
34 -8.344442131580303 -8.331908851874097
NO RECON: -0.6904694401582177
saving!
35 -8.36558295305557 -8.346084739580032
NO RECON: -0.6904175850933768
saving!
36 -8.385086143702225 -8.361404116072839
NO RECON: -0.690416038855945
saving!
37 -8.401739616896423 -8.38752552718202
NO RECON: -0.6904610074910067
saving!
38 -8.419671519515095 -8.404618147605893
NO RECON: -0.690433653242778
saving!
39 -8.440956566850861 -8.422522489376332
NO RECON: -0.6903863575802036
saving!
40 -8.458199267964652 -8.437979634641733
NO RECON: -0.6904742702188342
saving!
41 -8.471454255480095 -8.461335496749614
NO RECON: -0.6904874373420549
saving!
42 -8.490264868856503 -8.477430581286534
NO RECON: -0.6905091169539467
saving!
43 -8.506120471796448 -8.490234562392722
NO RECON: -0.6904744933900814
saving!
44 -8.523110107161427 -8.502005397070707
NO RECON: -0.6904219528185804
saving!
45 -8.542063019774117 -8.520310892348078
NO RECON: -0.69032313809548
saving!
46 -8.550889851208332 -8.5299296400468
NO RECON: -0.690316315674585
saving!
47 -8.570141148012972 -8.554236974414692
NO RECON: -0.6904652955560299
saving!
48 -8.586942662173191 -8.570185762395095
NO RECON: -0.6904660128907409
saving!
49 -8.602871391087938 -8.577059280781016
NO RECON: -0.6905223957696733
saving!
50 -8.617478799242498 -8.592313840619212
NO RECON: -0.690408100449758
saving!
51 -8.628376359987383 -8.61105372124017
NO RECON: -0.6904171706379287
saving!
52 -8.643231485703883 -8.622979923424753
NO RECON: -0.6903520538020803
saving!
53 -8.660597755766744 -8.642030612009858
NO RECON: -0.6903934510997292
saving!
54 -8.669241941644538 -8.650282319234973
NO RECON: -0.6903654277800051
saving!
55 -8.689441761196361 -8.666885398991962
NO RECON: -0.6904366182054144
saving!
56 -8.698073370469999 -8.685042061599065
NO RECON: -0.6904582019191567
saving!
57 -8.712755578903767 -8.687796327038038
NO RECON: -0.6904741267516096
saving!
58 -8.72622998387762 -8.701357471415092
NO RECON: -0.6903993969126623
saving!
59 -8.732954843819886 -8.712382563693573
NO RECON: -0.6904210282632437
saving!
60 -8.749558694926836 -8.727565638136598
NO RECON: -0.6904182705390122
saving!
61 -8.76224976489275 -8.742562173300456
NO RECON: -0.6904355501810058
saving!
62 -8.772961010935902 -8.749843794193655
NO RECON: -0.6904152577671421
saving!
63 -8.788868669099783 -8.760318068323167
NO RECON: -0.6903334195677759
saving!
64 -8.796675925539056 -8.774094422064232
NO RECON: -0.6904551731788526
saving!
65 -8.813819975609308 -8.791300358683586
NO RECON: -0.6904238338110793
saving!
66 -8.824492993183274 -8.797955395571979
NO RECON: -0.6904300825377735
saving!
67 -8.832867744323936 -8.805860283661298
NO RECON: -0.6904731224811715
saving!
68 -8.845421194780574 -8.821328281678092
NO RECON: -0.6904227020273592
saving!
69 -8.860059142789947 -8.836721249658794
NO RECON: -0.6904103321287459
saving!
70 -8.869872166116712 -8.839286830986868
NO RECON: -0.6904604176831382
saving!
71 -8.880481712969319 -8.850527212390062
NO RECON: -0.6905011464958183
saving!
72 -8.890391735480911 -8.86390011016314
NO RECON: -0.6903716286013843
saving!
73 -8.905925174893872 -8.876524159393439
NO RECON: -0.6904823840951296
saving!
74 -8.912950028238914 -8.877426311631147
NO RECON: -0.690441527932941
saving!
75 -8.92615929014259 -8.899306975414934
NO RECON: -0.6904658056607014
saving!
76 -8.93607819127801 -8.908218705658975
NO RECON: -0.6904203428171729
saving!
77 -8.948490683176193 -8.914869852272654
NO RECON: -0.6904122290567873
saving!
78 -8.957332296732435 -8.924224276376505
NO RECON: -0.6903696360485618
saving!
79 -8.962424355830072 -8.934435606784797
NO RECON: -0.6904609437279903
saving!
80 -8.977683880111954 -8.941712964373895
NO RECON: -0.690414349153814
saving!
81 -8.981874679699178 -8.953188025444824
NO RECON: -0.6903257204164654
saving!
82 -8.995443000777337 -8.975414656358229
NO RECON: -0.6905247390943104
saving!
83 -9.00223358895748 -8.982061261152035
NO RECON: -0.690452973358272
saving!
84 -9.013731952038999 -8.987805007712558
NO RECON: -0.6905350369849139
saving!
85 -9.026456193759953 -8.994952333683148
NO RECON: -0.6904658534830171
saving!
86 -9.03367009166033 -9.004106498875535
NO RECON: -0.6904439190360189
saving!
87 -9.04523261181765 -9.013561369553925
NO RECON: -0.6904393600006218
saving!
88 -9.052362611410734 -9.027910579248264
NO RECON: -0.6903582546043645
89 -9.064701723812432 -9.023199884034621
NO RECON: -0.6904038443222958
saving!
90 -9.069044426465851 -9.033349545672062
NO RECON: -0.6903774946822012
saving!
91 -9.082617965300313 -9.050052086672636
NO RECON: -0.6903868039136749
saving!
92 -9.095248959212794 -9.061277666154528
NO RECON: -0.6904642594061016
saving!
93 -9.104672298519525 -9.069261029412427
NO RECON: -0.6904825753851273
saving!
94 -9.107634708480152 -9.069699788818355
NO RECON: -0.6904185574697754
saving!
95 -9.117459979037534 -9.089856551223747
NO RECON: -0.6903437807660319
saving!
96 -9.1262336618713 -9.10087518129449
NO RECON: -0.6903954755445056
saving!
97 -9.13993977849182 -9.10508514201035
NO RECON: -0.6904973206811122
saving!
98 -9.145648723674869 -9.1131887891027
NO RECON: -0.6903799016904809
saving!
99 -9.159381823619716 -9.124647983750227
NO RECON: -0.6905311633173172
saving!
100 -9.164203834280622 -9.138010312450243
NO RECON: -0.6903251146867138
101 -9.174785943872132 -9.136614313676155
NO RECON: -0.6903611238731989
saving!
102 -9.185102666117604 -9.152352335251567
NO RECON: -0.6903267884138654
saving!
103 -9.196869167436555 -9.156653179781472
NO RECON: -0.6904615972989561
saving!
104 -9.205624613520541 -9.169992235401093
NO RECON: -0.6903667667741036
saving!
105 -9.214191361859463 -9.182175554875453
NO RECON: -0.6904552847639844
saving!
106 -9.21871287701965 -9.190480303117306
NO RECON: -0.6904553007047176
saving!
107 -9.226098221778255 -9.191818430866654
NO RECON: -0.6904769004521222
saving!
108 -9.236242031886002 -9.198136733927583
NO RECON: -0.6903930047655749
saving!
109 -9.249089539171836 -9.213448884165754
NO RECON: -0.6903911078459302
110 -9.259572016483098 -9.211804484739632
NO RECON: -0.6904237541079907
saving!
111 -9.26440011540451 -9.231596035689375
NO RECON: -0.6904306404602365
saving!
112 -9.273914776907413 -9.238553647605816
NO RECON: -0.6904366500867442
saving!
113 -9.279879691958477 -9.250207355651984
NO RECON: -0.6904434726966777
saving!
114 -9.291802926949948 -9.26174322379341
NO RECON: -0.6904851259192303
saving!
115 -9.296229977389917 -9.266770141614892
NO RECON: -0.690411782720703
116 -9.309317457791717 -9.265867453110609
NO RECON: -0.6904062035235198
saving!
117 -9.322971398161556 -9.281913662914231
NO RECON: -0.6904373833573911
saving!
118 -9.323236557238367 -9.294312177930188
NO RECON: -0.6904503590801901
119 -9.333615458019274 -9.290982742341665
NO RECON: -0.6905382411323269
120 -9.34171219185173 -9.292075457109028
NO RECON: -0.6903831854257824
saving!
121 -9.351185109545385 -9.320117949129566
NO RECON: -0.6904107306429718
122 -9.359304506828195 -9.317749933885638
NO RECON: -0.6904182864796095
saving!
123 -9.368592386264762 -9.331905015535146
saving results to res/models/model=ALISTA__m=100__s=8__k=6__noise=GaussianNoise10__n=256/train_log
Done.
Running: model=ALISTA__m=100__s=8__k=8__noise=GaussianNoise10__n=256
m
100
[628 285 809 540 237 473 495 743 489 547 745 576 299 666 567 453 449 754
 793 417 546 681 421 343 561 213 217 214 427 547 252 572 216 542 221 749
 395 523 714 747 555 674 403 662 768 474 450 746 348 294 270 345 338 773
 723 702 417 439 498 432 514 524 739 415 775 441 359 722 577 384 309 281
 648 615 476 787 626 488 213 219 317 602 802 753 633 521 756 557 233 487
 795 568 529 746 415 438 663 231 348 453]
NO RECON: -0.6905321994832085
saving!
0 -7.536743122340833 -7.780012735037753
NO RECON: -0.6903980260274569
saving!
1 -7.997843087277672 -8.157600945330032
NO RECON: -0.6903835042351671
saving!
2 -8.304274828153023 -8.39989863953014
NO RECON: -0.6903789930845499
saving!
3 -8.51750796508341 -8.582040907950512
NO RECON: -0.6905025971181089
saving!
4 -8.679012200347668 -8.729721430098854
NO RECON: -0.6904630479080366
saving!
5 -8.81193573305941 -8.851806238658884
NO RECON: -0.6904209166789922
saving!
6 -8.923677588377144 -8.942736940907372
NO RECON: -0.6904680054877819
saving!
7 -9.020298459590085 -9.03229405326482
NO RECON: -0.6905074272156014
saving!
8 -9.102692660250565 -9.111516124622492
NO RECON: -0.6904806943671862
saving!
9 -9.173377663264793 -9.178810651538967
NO RECON: -0.6903621918793047
saving!
10 -9.23546700585384 -9.229140673188786
NO RECON: -0.6904581222154373
saving!
11 -9.294162954684502 -9.289412561832215
NO RECON: -0.6904206775698916
saving!
12 -9.343596360644135 -9.337782540728266
NO RECON: -0.6903346310296805
saving!
13 -9.390433101848064 -9.384320550149717
NO RECON: -0.6902874161460476
saving!
14 -9.434903325010316 -9.418737668619372
NO RECON: -0.6904309114511733
saving!
15 -9.473835811129952 -9.457806262888253
NO RECON: -0.6904000823554273
saving!
16 -9.50869992849931 -9.49209810372003
NO RECON: -0.6904491635267139
saving!
17 -9.547769112658056 -9.527128945498536
NO RECON: -0.6905026768226439
saving!
18 -9.58297487330845 -9.553010211438798
NO RECON: -0.6903596892385445
saving!
19 -9.607748722271731 -9.587719926671896
NO RECON: -0.6904540892091524
saving!
20 -9.636427840343263 -9.608878979686706
NO RECON: -0.6904615016544186
saving!
21 -9.661305391798859 -9.637363693332476
NO RECON: -0.6904950411347859
saving!
22 -9.694618690092115 -9.666150797433598
NO RECON: -0.6904758164769982
saving!
23 -9.711928472461777 -9.689000619124535
NO RECON: -0.6903457733069919
saving!
24 -9.737034754852374 -9.710159531982402
NO RECON: -0.6904100930202279
saving!
25 -9.763270769470116 -9.7317490168919
NO RECON: -0.6904598438160993
saving!
26 -9.784826556570485 -9.752573855001376
NO RECON: -0.6903839824492884
saving!
27 -9.806776724908842 -9.771273273817023
NO RECON: -0.690460927787236
saving!
28 -9.8218350460929 -9.79651000937458
NO RECON: -0.6903827709736172
saving!
29 -9.846999113154762 -9.812473658588441
NO RECON: -0.6904220803434697
saving!
30 -9.863952427585229 -9.830201794554368
NO RECON: -0.6904339879965226
saving!
31 -9.879701587517522 -9.858297473170222
NO RECON: -0.6903821652359083
saving!
32 -9.905076603010473 -9.86673810841361
NO RECON: -0.6904195617275964
saving!
33 -9.914434155118784 -9.888332152046056
NO RECON: -0.6904632710787071
saving!
34 -9.936355259888582 -9.903927334540194
NO RECON: -0.6904694401582177
saving!
35 -9.95213720888657 -9.916440822699375
NO RECON: -0.6904175850933768
saving!
36 -9.969979848178728 -9.931041496352348
NO RECON: -0.690416038855945
saving!
37 -9.985600245762177 -9.953182228195342
NO RECON: -0.6904610074910067
saving!
38 -10.000416070119332 -9.967422085138622
NO RECON: -0.690433653242778
saving!
39 -10.019457841026787 -9.980452192480008
NO RECON: -0.6903863575802036
saving!
40 -10.033576395969625 -9.99444463173343
NO RECON: -0.6904742702188342
saving!
41 -10.044645955919618 -10.01038507947018
NO RECON: -0.6904874373420549
saving!
42 -10.058456354274126 -10.02952384055204
NO RECON: -0.6905091169539467
saving!
43 -10.07458666523507 -10.041739808397718
NO RECON: -0.6904744933900814
saving!
44 -10.089242207353875 -10.045750748330482
NO RECON: -0.6904219528185804
saving!
45 -10.103982096090714 -10.063815947842755
NO RECON: -0.69032313809548
saving!
46 -10.109388563498472 -10.074128471836431
NO RECON: -0.690316315674585
saving!
47 -10.124040672268205 -10.09402958037427
NO RECON: -0.6904652955560299
saving!
48 -10.140703636327256 -10.103866341534198
NO RECON: -0.6904660128907409
saving!
49 -10.15544692372588 -10.104412321384915
NO RECON: -0.6905223957696733
saving!
50 -10.169481549488042 -10.124036670279713
NO RECON: -0.690408100449758
saving!
51 -10.176955547095186 -10.137264661846775
NO RECON: -0.6904171706379287
saving!
52 -10.191093859124207 -10.146875083313752
NO RECON: -0.6903520538020803
saving!
53 -10.204688358703763 -10.1742168945844
NO RECON: -0.6903934510997292
54 -10.212987858798286 -10.17212576539649
NO RECON: -0.6903654277800051
saving!
55 -10.23375375824283 -10.190768524805463
NO RECON: -0.6904366182054144
saving!
56 -10.236212348772833 -10.205695888393505
NO RECON: -0.6904582019191567
saving!
57 -10.250371303677198 -10.20671790683284
NO RECON: -0.6904741267516096
saving!
58 -10.262765667162467 -10.22037674461371
NO RECON: -0.6903993969126623
saving!
59 -10.26537975633673 -10.228907174084988
NO RECON: -0.6904210282632437
saving!
60 -10.285239147099976 -10.239300667839988
NO RECON: -0.6904182705390122
saving!
61 -10.299688998387158 -10.255304296391897
NO RECON: -0.6904355501810058
saving!
62 -10.30666864561592 -10.258114149504902
NO RECON: -0.6904152577671421
saving!
63 -10.31726181510576 -10.266821054098102
NO RECON: -0.6903334195677759
saving!
64 -10.330418789365766 -10.287267998763415
NO RECON: -0.6904551731788526
saving!
65 -10.341440004574773 -10.29583394775476
NO RECON: -0.6904238338110793
saving!
66 -10.351140677213959 -10.306927709357684
NO RECON: -0.6904300825377735
saving!
67 -10.358737291434643 -10.310671481674106
NO RECON: -0.6904731224811715
saving!
68 -10.3723405452949 -10.321042049191597
NO RECON: -0.6904227020273592
saving!
69 -10.388576181108537 -10.338287156124151
NO RECON: -0.6904103321287459
saving!
70 -10.393971883536693 -10.346478743137396
NO RECON: -0.6904604176831382
saving!
71 -10.402701341865887 -10.347123938697933
NO RECON: -0.6905011464958183
saving!
72 -10.410613342938051 -10.371449046965724
NO RECON: -0.6903716286013843
saving!
73 -10.428925176989459 -10.382531640629898
NO RECON: -0.6904823840951296
74 -10.437300978073614 -10.381952301998172
NO RECON: -0.690441527932941
saving!
75 -10.446391192019194 -10.402939820792707
NO RECON: -0.6904658056607014
saving!
76 -10.455013691475237 -10.41401867725273
NO RECON: -0.6904203428171729
saving!
77 -10.466331658929366 -10.416727443994048
NO RECON: -0.6904122290567873
saving!
78 -10.473636171765188 -10.428047658691577
NO RECON: -0.6903696360485618
saving!
79 -10.478035861778563 -10.43838771170491
NO RECON: -0.6904609437279903
saving!
80 -10.49337762648115 -10.442506357865618
NO RECON: -0.690414349153814
saving!
81 -10.496898228055116 -10.458643048088234
NO RECON: -0.6903257204164654
saving!
82 -10.512522801048005 -10.466354759429066
NO RECON: -0.6905247390943104
saving!
83 -10.51421531021065 -10.478815430418331
NO RECON: -0.690452973358272
saving!
84 -10.531318522073425 -10.488028088883423
NO RECON: -0.6905350369849139
85 -10.536300605240296 -10.486205741055521
NO RECON: -0.6904658534830171
saving!
86 -10.547730635499825 -10.503426100593888
NO RECON: -0.6904439190360189
saving!
87 -10.558391089290556 -10.513955557376677
NO RECON: -0.6904393600006218
saving!
88 -10.567017078721957 -10.532009833448694
NO RECON: -0.6903582546043645
89 -10.575369839582311 -10.526328992378264
NO RECON: -0.6904038443222958
saving!
90 -10.580655269945677 -10.538514485352028
NO RECON: -0.6903774946822012
saving!
91 -10.593823021686191 -10.54458573227272
NO RECON: -0.6903868039136749
saving!
92 -10.605120376156478 -10.558745124986872
NO RECON: -0.6904642594061016
saving!
93 -10.614736275620814 -10.56189069009565
NO RECON: -0.6904825753851273
saving!
94 -10.616218687680918 -10.567889422692351
NO RECON: -0.6904185574697754
saving!
95 -10.630822198129867 -10.592671569379
NO RECON: -0.6903437807660319
96 -10.637082868114781 -10.59209376318499
NO RECON: -0.6903954755445056
saving!
97 -10.6515577197907 -10.599235668032769
NO RECON: -0.6904973206811122
saving!
98 -10.65676760531074 -10.61168558675293
NO RECON: -0.6903799016904809
saving!
99 -10.67010819399864 -10.61283458208651
NO RECON: -0.6905311633173172
saving!
100 -10.672003515139323 -10.631347971639391
NO RECON: -0.6903251146867138
101 -10.680750200506637 -10.627181246590116
NO RECON: -0.6903611238731989
saving!
102 -10.692265521233304 -10.647997207694681
NO RECON: -0.6903267884138654
saving!
103 -10.704939650217977 -10.651541091357899
NO RECON: -0.6904615972989561
saving!
104 -10.713037755048425 -10.657743916925586
NO RECON: -0.6903667667741036
saving!
105 -10.719354913200005 -10.672387328529883
NO RECON: -0.6904552847639844
saving!
106 -10.722746813850074 -10.684676641901472
NO RECON: -0.6904553007047176
107 -10.737328184667135 -10.677706992802346
NO RECON: -0.6904769004521222
saving!
108 -10.743861108956793 -10.695835975886217
NO RECON: -0.6903930047655749
saving!
109 -10.75623143080307 -10.71545364982361
NO RECON: -0.6903911078459302
110 -10.766216274188507 -10.6974699396714
NO RECON: -0.6904237541079907
saving!
111 -10.77336402915055 -10.719318822134436
NO RECON: -0.6904306404602365
saving!
112 -10.78277351849879 -10.724151645919598
NO RECON: -0.6904366500867442
saving!
113 -10.784959922089293 -10.7440704150757
NO RECON: -0.6904434726966777
saving!
114 -10.80103180256556 -10.750215937624592
NO RECON: -0.6904851259192303
saving!
115 -10.80636632761542 -10.75461142961774
NO RECON: -0.690411782720703
saving!
116 -10.815996704419584 -10.761270489038255
NO RECON: -0.6904062035235198
saving!
117 -10.829585212069482 -10.768639041462633
NO RECON: -0.6904373833573911
saving!
118 -10.829463753242726 -10.789702623069864
NO RECON: -0.6904503590801901
119 -10.838771080894569 -10.787825043396813
NO RECON: -0.6905382411323269
120 -10.8457295143977 -10.785614258334144
NO RECON: -0.6903831854257824
saving!
121 -10.854996829496761 -10.821469732836047
NO RECON: -0.6904107306429718
122 -10.866749869561751 -10.809598868030042
NO RECON: -0.6904182864796095
saving!
123 -10.872489756702455 -10.823649127663916
NO RECON: -0.6905319922500099
saving!
124 -10.88243104014522 -10.824055083687982
NO RECON: -0.6903749442113073
saving!
125 -10.891312558855876 -10.836703711054902
NO RECON: -0.6905115877989366
saving!
126 -10.896425842134793 -10.847887678832308
NO RECON: -0.6903791046677243
saving!
127 -10.906258810440782 -10.852285036216625
NO RECON: -0.6904147795495776
128 -10.909384604857673 -10.851922840156814
NO RECON: -0.690378514870978
saving!
129 -10.923624502859614 -10.86248126621957
NO RECON: -0.6904925384174696
saving!
130 -10.931368003935882 -10.87373237821482
NO RECON: -0.6903394131194456
saving!
131 -10.94502362070738 -10.894632869797682
NO RECON: -0.6903950132696313
saving!
132 -10.948321987388884 -10.898566621483985
NO RECON: -0.6904143810349804
saving!
133 -10.95181544359502 -10.906896865082764
NO RECON: -0.6905493042266413
134 -10.9654788291105 -10.901959641834145
NO RECON: -0.6904598278753491
saving!
135 -10.973259195247698 -10.920270915568267
NO RECON: -0.6903703693078943
saving!
136 -10.982302657360282 -10.927029050290937
NO RECON: -0.6905741086154565
saving!
137 -10.987626759015395 -10.938009640216642
NO RECON: -0.6905046056728491
saving!
138 -10.993944135544034 -10.939996605462127
NO RECON: -0.6903576169893251
saving!
139 -11.004341914983993 -10.943316219831464
NO RECON: -0.6904948179624824
saving!
140 -11.018016100666747 -10.958139976667862
NO RECON: -0.6904555238749904
saving!
141 -11.019365554678085 -10.98368669235179
saving results to res/models/model=ALISTA__m=100__s=8__k=8__noise=GaussianNoise10__n=256/train_log
Done.
Running: model=ALISTA__m=100__s=8__k=10__noise=GaussianNoise10__n=256
m
100
[628 285 809 540 237 473 495 743 489 547 745 576 299 666 567 453 449 754
 793 417 546 681 421 343 561 213 217 214 427 547 252 572 216 542 221 749
 395 523 714 747 555 674 403 662 768 474 450 746 348 294 270 345 338 773
 723 702 417 439 498 432 514 524 739 415 775 441 359 722 577 384 309 281
 648 615 476 787 626 488 213 219 317 602 802 753 633 521 756 557 233 487
 795 568 529 746 415 438 663 231 348 453]
NO RECON: -0.6905321994832085
saving!
0 -8.740557141536227 -9.008492487400177
NO RECON: -0.6903980260274569
saving!
1 -9.263472814040425 -9.45495382154556
NO RECON: -0.6903835042351671
saving!
2 -9.627603293663261 -9.735141789690015
NO RECON: -0.6903789930845499
saving!
3 -9.868279619605111 -9.922148562658105
NO RECON: -0.6905025971181089
saving!
4 -10.040002215866489 -10.079324587709868
NO RECON: -0.6904630479080366
saving!
5 -10.176594782185415 -10.209297576143378
NO RECON: -0.6904209166789922
saving!
6 -10.293186927604065 -10.2975951972319
NO RECON: -0.6904680054877819
saving!
7 -10.39042527884877 -10.384234745644543
NO RECON: -0.6905074272156014
saving!
8 -10.472691327686993 -10.464437861377542
NO RECON: -0.6904806943671862
saving!
9 -10.544588587885983 -10.529943473296777
NO RECON: -0.6903621918793047
saving!
10 -10.60396276746252 -10.577498512252344
NO RECON: -0.6904581222154373
saving!
11 -10.656857787286992 -10.631197385322835
NO RECON: -0.6904206775698916
saving!
12 -10.702107344851548 -10.67653556363203
NO RECON: -0.6903346310296805
saving!
13 -10.751894692901576 -10.72779359857837
NO RECON: -0.6902874161460476
saving!
14 -10.790342632129581 -10.753799553633478
NO RECON: -0.6904309114511733
saving!
15 -10.823341751056727 -10.792901834109067
NO RECON: -0.6904000823554273
saving!
16 -10.853246263501061 -10.81813624420759
NO RECON: -0.6904491635267139
saving!
17 -10.891134889597518 -10.847404103020374
NO RECON: -0.6905026768226439
saving!
18 -10.919503900869113 -10.876916697109195
NO RECON: -0.6903596892385445
saving!
19 -10.93874035503865 -10.909362752743457
NO RECON: -0.6904540892091524
saving!
20 -10.966481810468704 -10.923272188592485
NO RECON: -0.6904615016544186
saving!
21 -10.985542453587541 -10.95323737109263
NO RECON: -0.6904950411347859
saving!
22 -11.01825335465339 -10.968305446791817
NO RECON: -0.6904758164769982
saving!
23 -11.028479570157367 -10.999885528820885
NO RECON: -0.6903457733069919
saving!
24 -11.056122015897174 -11.00928335659642
NO RECON: -0.6904100930202279
saving!
25 -11.07378540584218 -11.036832124214763
NO RECON: -0.6904598438160993
saving!
26 -11.093364164270785 -11.051395869863816
NO RECON: -0.6903839824492884
saving!
27 -11.111756527741667 -11.06346632675072
NO RECON: -0.690460927787236
saving!
28 -11.125069406905068 -11.08235688799053
NO RECON: -0.6903827709736172
saving!
29 -11.147079928816009 -11.095110094871888
NO RECON: -0.6904220803434697
saving!
30 -11.159730469597909 -11.118425225289663
NO RECON: -0.6904339879965226
saving!
31 -11.173461621081513 -11.138982063196147
NO RECON: -0.6903821652359083
saving!
32 -11.197058630059713 -11.139192688774479
NO RECON: -0.6904195617275964
saving!
33 -11.20144763105837 -11.163701814049514
NO RECON: -0.6904632710787071
saving!
34 -11.218583081934664 -11.172821025293986
NO RECON: -0.6904694401582177
saving!
35 -11.235494934866605 -11.18239822100453
NO RECON: -0.6904175850933768
saving!
36 -11.252159027891393 -11.198334466117307
NO RECON: -0.690416038855945
saving!
37 -11.263690451370088 -11.21685962288057
NO RECON: -0.6904610074910067
saving!
38 -11.27379907910827 -11.232233931708926
NO RECON: -0.690433653242778
saving!
39 -11.297003540650458 -11.242036654712106
NO RECON: -0.6903863575802036
saving!
40 -11.307883463161911 -11.25739865631099
NO RECON: -0.6904742702188342
saving!
41 -11.313060622381206 -11.26866658321562
NO RECON: -0.6904874373420549
saving!
42 -11.326772421347076 -11.277577895235247
NO RECON: -0.6905091169539467
saving!
43 -11.342232056473005 -11.290762383481539
NO RECON: -0.6904744933900814
44 -11.352504367517522 -11.283931987301273
NO RECON: -0.6904219528185804
saving!
45 -11.367045255050066 -11.30787204905928
NO RECON: -0.69032313809548
saving!
46 -11.369013730900424 -11.31466792276995
NO RECON: -0.690316315674585
saving!
47 -11.388541651902745 -11.336301034201172
NO RECON: -0.6904652955560299
saving!
48 -11.403054922490341 -11.344475034957673
NO RECON: -0.6904660128907409
saving!
49 -11.41418739547317 -11.346348763964427
NO RECON: -0.6905223957696733
saving!
50 -11.426654560127751 -11.359482879156719
NO RECON: -0.690408100449758
saving!
51 -11.433760723319889 -11.3700869128432
NO RECON: -0.6904171706379287
saving!
52 -11.445383836036086 -11.384246936894202
NO RECON: -0.6903520538020803
saving!
53 -11.457611675739006 -11.409069993033107
NO RECON: -0.6903934510997292
saving!
54 -11.463896532475912 -11.410577316281525
NO RECON: -0.6903654277800051
saving!
55 -11.48586825423646 -11.424807543727766
NO RECON: -0.6904366182054144
saving!
56 -11.483552707189402 -11.43708856160492
NO RECON: -0.6904582019191567
57 -11.501432050452518 -11.437060827901863
NO RECON: -0.6904741267516096
saving!
58 -11.508750200430516 -11.455909771890955
NO RECON: -0.6903993969126623
59 -11.511699677580168 -11.453192433017971
NO RECON: -0.6904210282632437
saving!
60 -11.532442286277963 -11.469181210141972
NO RECON: -0.6904182705390122
saving!
61 -11.545619240197578 -11.481774582894428
NO RECON: -0.6904355501810058
saving!
62 -11.549564518364912 -11.486794322627603
NO RECON: -0.6904152577671421
saving!
63 -11.564501986762947 -11.494757573980303
NO RECON: -0.6903334195677759
saving!
64 -11.5716491568198 -11.510525521415353
NO RECON: -0.6904551731788526
saving!
65 -11.58232733567657 -11.524100235114062
NO RECON: -0.6904238338110793
saving!
66 -11.594642659861156 -11.528179099200528
NO RECON: -0.6904300825377735
saving!
67 -11.601369400162454 -11.537679332220886
NO RECON: -0.6904731224811715
saving!
68 -11.614423279175492 -11.54631921587292
NO RECON: -0.6904227020273592
saving!
69 -11.6291916986781 -11.562740525271632
NO RECON: -0.6904103321287459
saving!
70 -11.633410295293775 -11.57424837818574
NO RECON: -0.6904604176831382
71 -11.641824859281165 -11.57370198631865
NO RECON: -0.6905011464958183
saving!
72 -11.647899579506177 -11.592781782977077
NO RECON: -0.6903716286013843
saving!
73 -11.667931445090215 -11.600784288639206
NO RECON: -0.6904823840951296
74 -11.675047115766645 -11.59619902915737
NO RECON: -0.690441527932941
saving!
75 -11.68575494832854 -11.61807842564511
NO RECON: -0.6904658056607014
saving!
76 -11.696359513438473 -11.635824646157465
NO RECON: -0.6904203428171729
saving!
77 -11.70541820672247 -11.639742057533141
NO RECON: -0.6904122290567873
saving!
78 -11.712487609546432 -11.651698695095234
NO RECON: -0.6903696360485618
saving!
79 -11.714880328525386 -11.662431808451053
NO RECON: -0.6904609437279903
80 -11.73023712052331 -11.657214483651838
NO RECON: -0.690414349153814
saving!
81 -11.733543039744898 -11.670387708578495
NO RECON: -0.6903257204164654
saving!
82 -11.750695046293478 -11.691960837173907
NO RECON: -0.6905247390943104
83 -11.746696004668095 -11.690313933035657
NO RECON: -0.690452973358272
saving!
84 -11.77051397522626 -11.698152372898193
NO RECON: -0.6905350369849139
saving!
85 -11.773317613711995 -11.700393430795565
NO RECON: -0.6904658534830171
saving!
86 -11.784341218595769 -11.714300232874193
NO RECON: -0.6904439190360189
saving!
87 -11.794450629129102 -11.729230535371444
NO RECON: -0.6904393600006218
saving!
88 -11.799119097844033 -11.749082791790293
NO RECON: -0.6903582546043645
89 -11.812094369081265 -11.735288075498032
NO RECON: -0.6904038443222958
saving!
90 -11.816131715945406 -11.75559238312756
NO RECON: -0.6903774946822012
saving!
91 -11.82969334662269 -11.764803739155496
NO RECON: -0.6903868039136749
saving!
92 -11.842420193050991 -11.779950542409296
NO RECON: -0.6904642594061016
93 -11.848230736595792 -11.771610983565978
NO RECON: -0.6904825753851273
94 -11.849015078849767 -11.777697241151337
NO RECON: -0.6904185574697754
saving!
95 -11.867174488588674 -11.81354142043336
NO RECON: -0.6903437807660319
96 -11.869797050172773 -11.808085717502365
NO RECON: -0.6903954755445056
97 -11.885068071141376 -11.810531170210812
NO RECON: -0.6904973206811122
saving!
98 -11.892148785624027 -11.829834966346816
NO RECON: -0.6903799016904809
99 -11.903639871585023 -11.825490593263844
NO RECON: -0.6905311633173172
saving!
100 -11.905497932086837 -11.846579177439908
NO RECON: -0.6903251146867138
101 -11.912886558289786 -11.84024814869944
NO RECON: -0.6903611238731989
saving!
102 -11.92373579853529 -11.867502454441105
NO RECON: -0.6903267884138654
103 -11.936076756739237 -11.865903796751887
NO RECON: -0.6904615972989561
saving!
104 -11.943242993511403 -11.878904970202287
NO RECON: -0.6903667667741036
saving!
105 -11.951733172760527 -11.881504862043325
NO RECON: -0.6904552847639844
saving!
106 -11.953301016904119 -11.904892400783552
NO RECON: -0.6904553007047176
107 -11.964033245655223 -11.892828778592326
NO RECON: -0.6904769004521222
saving!
108 -11.972538989966866 -11.915068068430276
NO RECON: -0.6903930047655749
saving!
109 -11.988340699084842 -11.932657883847321
NO RECON: -0.6903911078459302
110 -11.999861516437349 -11.910259552177148
NO RECON: -0.6904237541079907
saving!
111 -12.004123232376958 -11.941553792564253
NO RECON: -0.6904306404602365
112 -12.015322591357311 -11.93964628404978
NO RECON: -0.6904366500867442
saving!
113 -12.013787124449411 -11.961391242567782
NO RECON: -0.6904434726966777
saving!
114 -12.028710202513018 -11.964306289674248
NO RECON: -0.6904851259192303
saving!
115 -12.03396842665345 -11.969651782127029
NO RECON: -0.690411782720703
saving!
116 -12.046760075155852 -11.976606475461285
NO RECON: -0.6904062035235198
saving!
117 -12.061445286081858 -11.985413567840942
NO RECON: -0.6904373833573911
saving!
118 -12.055274552766084 -12.005498583537587
NO RECON: -0.6904503590801901
119 -12.07209870847818 -11.998791420802926
NO RECON: -0.6905382411323269
120 -12.073994691728513 -12.003104819184555
NO RECON: -0.6903831854257824
saving!
121 -12.08375763749025 -12.033270834134582
NO RECON: -0.6904107306429718
122 -12.098799238429251 -12.027006912757798
NO RECON: -0.6904182864796095
saving!
123 -12.10239768105248 -12.041874619873065
NO RECON: -0.6905319922500099
124 -12.10881253319 -12.025110332634908
NO RECON: -0.6903749442113073
saving!
125 -12.118937332396884 -12.050358169764621
NO RECON: -0.6905115877989366
saving!
126 -12.126179840084328 -12.066957057722384
NO RECON: -0.6903791046677243
127 -12.13391596456976 -12.062410570929213
NO RECON: -0.6904147795495776
128 -12.135482805213954 -12.062641132900202
NO RECON: -0.690378514870978
saving!
129 -12.150042004479129 -12.079873704941917
NO RECON: -0.6904925384174696
130 -12.161820418896278 -12.07954206861929
NO RECON: -0.6903394131194456
saving!
131 -12.172749268803651 -12.109866310491332
NO RECON: -0.6903950132696313
132 -12.178688177996197 -12.10721290744566
NO RECON: -0.6904143810349804
saving!
133 -12.178140705927039 -12.119615024975086
NO RECON: -0.6905493042266413
134 -12.191764302791615 -12.111319474364322
NO RECON: -0.6904598278753491
saving!
135 -12.1991072933843 -12.134939784426571
NO RECON: -0.6903703693078943
saving!
136 -12.211322938165265 -12.145655789600962
NO RECON: -0.6905741086154565
saving!
137 -12.213671899584114 -12.152264475688266
NO RECON: -0.6905046056728491
saving!
138 -12.219118244299876 -12.154728297719473
NO RECON: -0.6903576169893251
139 -12.230119113033595 -12.148982997483184
NO RECON: -0.6904948179624824
saving!
140 -12.245842796960586 -12.167173680345256
NO RECON: -0.6904555238749904
saving!
141 -12.24092618834698 -12.192073515284559
NO RECON: -0.6904345459194877
142 -12.256321780290163 -12.17990308648574
NO RECON: -0.6904983727798204
saving!
143 -12.268556177617722 -12.199971169317935
NO RECON: -0.6905326777137026
saving!
144 -12.2702563691411 -12.220211778710812
NO RECON: -0.6903963044513004
145 -12.277938847683656 -12.210714470603378
NO RECON: -0.6905220450681361
saving!
146 -12.293459889874878 -12.221617651179546
NO RECON: -0.6905076344476273
saving!
147 -12.290944238771582 -12.23587095996309
NO RECON: -0.690451172056742
148 -12.306966114777095 -12.23581221344405
NO RECON: -0.6903716923630899
149 -12.319305902374566 -12.227389131051059
NO RECON: -0.6905185699362487
saving!
150 -12.329712669659811 -12.257015779231747
NO RECON: -0.6904449073590092
saving!
151 -12.32457699821331 -12.260616408499631
NO RECON: -0.6904407787209142
saving!
152 -12.341884655329613 -12.276575801989678
NO RECON: -0.6904185734103738
153 -12.349901476542197 -12.26279770637299
NO RECON: -0.6904245989608038
saving!
154 -12.358264527177116 -12.279047573196314
NO RECON: -0.6903930525870892
saving!
155 -12.366723534210418 -12.306180199959647
NO RECON: -0.6904467405393444
saving!
156 -12.374123238459628 -12.312113039427084
NO RECON: -0.6903227395892924
157 -12.370234029197263 -12.303397079281345
NO RECON: -0.6904903704596865
saving!
158 -12.38421051399589 -12.325676197048082
NO RECON: -0.690457596170927
saving!
159 -12.400915279523222 -12.327015366218983
saving results to res/models/model=ALISTA__m=100__s=8__k=10__noise=GaussianNoise10__n=256/train_log
Done.
Running: model=ALISTA__m=100__s=8__k=12__noise=GaussianNoise10__n=256
m
100
[628 285 809 540 237 473 495 743 489 547 745 576 299 666 567 453 449 754
 793 417 546 681 421 343 561 213 217 214 427 547 252 572 216 542 221 749
 395 523 714 747 555 674 403 662 768 474 450 746 348 294 270 345 338 773
 723 702 417 439 498 432 514 524 739 415 775 441 359 722 577 384 309 281
 648 615 476 787 626 488 213 219 317 602 802 753 633 521 756 557 233 487
 795 568 529 746 415 438 663 231 348 453]
NO RECON: -0.6905321994832085
saving!
0 -9.719830916110023 -10.011904478792085
NO RECON: -0.6903980260274569
saving!
1 -10.29160954020307 -10.500832569620135
NO RECON: -0.6903835042351671
saving!
2 -10.700409097188965 -10.820649861998547
NO RECON: -0.6903789930845499
saving!
3 -10.970191206341294 -11.01715440816304
NO RECON: -0.6905025971181089
saving!
4 -11.149874446622047 -11.181051782353144
NO RECON: -0.6904630479080366
saving!
5 -11.289473204548756 -11.310690112255525
NO RECON: -0.6904209166789922
saving!
6 -11.407668026541092 -11.401434728638405
NO RECON: -0.6904680054877819
saving!
7 -11.507116428966446 -11.489118367402561
NO RECON: -0.6905074272156014
saving!
8 -11.594445903376958 -11.578071013919274
NO RECON: -0.6904806943671862
saving!
9 -11.665116499056065 -11.63220954964195
NO RECON: -0.6903621918793047
saving!
10 -11.730752488402354 -11.69138838174555
NO RECON: -0.6904581222154373
saving!
11 -11.78333696084659 -11.750493042072323
NO RECON: -0.6904206775698916
saving!
12 -11.831341341241469 -11.789947481438892
NO RECON: -0.6903346310296805
saving!
13 -11.885486301829683 -11.85456365097874
NO RECON: -0.6902874161460476
saving!
14 -11.925379478507253 -11.884772450348521
NO RECON: -0.6904309114511733
saving!
15 -11.96255392838462 -11.917921950188434
NO RECON: -0.6904000823554273
saving!
16 -11.997427215222787 -11.953405051992021
NO RECON: -0.6904491635267139
saving!
17 -12.034798528932491 -11.98019076018986
NO RECON: -0.6905026768226439
saving!
18 -12.065660563037264 -12.00948743549985
NO RECON: -0.6903596892385445
saving!
19 -12.084868894827137 -12.051085031273061
NO RECON: -0.6904540892091524
saving!
20 -12.11449546172191 -12.06575080886919
NO RECON: -0.6904615016544186
saving!
21 -12.138834796216083 -12.09937811503854
NO RECON: -0.6904950411347859
saving!
22 -12.176092813157009 -12.111682057028872
NO RECON: -0.6904758164769982
saving!
23 -12.184370237555024 -12.152531581491974
NO RECON: -0.6903457733069919
saving!
24 -12.213139832945345 -12.16955267203213
NO RECON: -0.6904100930202279
saving!
25 -12.231984730989389 -12.189056739475898
NO RECON: -0.6904598438160993
saving!
26 -12.254319241256105 -12.204270366723431
NO RECON: -0.6903839824492884
saving!
27 -12.270250606727306 -12.216185891552138
NO RECON: -0.690460927787236
saving!
28 -12.29044379698694 -12.235057296827529
NO RECON: -0.6903827709736172
saving!
29 -12.312044620933204 -12.258386244664274
NO RECON: -0.6904220803434697
saving!
30 -12.322556449621107 -12.275763677324157
NO RECON: -0.6904339879965226
saving!
31 -12.333923966672844 -12.289531447271603
NO RECON: -0.6903821652359083
saving!
32 -12.360316405203156 -12.293551803613045
NO RECON: -0.6904195617275964
saving!
33 -12.366431163403401 -12.323701092958665
NO RECON: -0.6904632710787071
saving!
34 -12.38310487360178 -12.333341629581076
NO RECON: -0.6904694401582177
saving!
35 -12.401027789397315 -12.345052893437652
NO RECON: -0.6904175850933768
saving!
36 -12.416192887580177 -12.358103347149573
NO RECON: -0.690416038855945
saving!
37 -12.43351596384449 -12.370839752809431
NO RECON: -0.6904610074910067
saving!
38 -12.43689116494795 -12.382940915646522
NO RECON: -0.690433653242778
saving!
39 -12.463469661107311 -12.397119669198384
NO RECON: -0.6903863575802036
saving!
40 -12.477520146281613 -12.410141386808098
NO RECON: -0.6904742702188342
saving!
41 -12.478528349027291 -12.424283292601377
NO RECON: -0.6904874373420549
saving!
42 -12.493358675296752 -12.432722847981887
NO RECON: -0.6905091169539467
saving!
43 -12.508604239415087 -12.448633990614086
NO RECON: -0.6904744933900814
44 -12.51780035416131 -12.438881618910187
NO RECON: -0.6904219528185804
saving!
45 -12.536073506376944 -12.462108124600926
NO RECON: -0.69032313809548
46 -12.53525302620912 -12.459626244282251
NO RECON: -0.690316315674585
saving!
47 -12.557907080293418 -12.49613527174141
NO RECON: -0.6904652955560299
48 -12.56836593606623 -12.494456465448863
NO RECON: -0.6904660128907409
49 -12.58356572652114 -12.495091629045312
NO RECON: -0.6905223957696733
saving!
50 -12.593435699881027 -12.50726581089387
NO RECON: -0.690408100449758
saving!
51 -12.597225875278564 -12.518359082253102
NO RECON: -0.6904171706379287
saving!
52 -12.612138769274457 -12.535352299448451
NO RECON: -0.6903520538020803
saving!
53 -12.62610094808472 -12.56501852309494
NO RECON: -0.6903934510997292
54 -12.628147690681303 -12.556132051024385
NO RECON: -0.6903654277800051
saving!
55 -12.653779055764854 -12.575664539699309
NO RECON: -0.6904366182054144
saving!
56 -12.647124686098705 -12.585581313759215
NO RECON: -0.6904582019191567
saving!
57 -12.665215297144776 -12.591037646458798
NO RECON: -0.6904741267516096
saving!
58 -12.670314306814996 -12.606056908492976
NO RECON: -0.6903993969126623
59 -12.677135377991874 -12.60217323400979
NO RECON: -0.6904210282632437
saving!
60 -12.695911096859744 -12.611346464194394
NO RECON: -0.6904182705390122
saving!
61 -12.709090115967276 -12.634818042120575
NO RECON: -0.6904355501810058
62 -12.712430645311116 -12.629986822719047
NO RECON: -0.6904152577671421
saving!
63 -12.727400465621095 -12.644425873494619
NO RECON: -0.6903334195677759
saving!
64 -12.731985531338722 -12.664328479896032
NO RECON: -0.6904551731788526
saving!
65 -12.743304062041762 -12.669442468042757
NO RECON: -0.6904238338110793
saving!
66 -12.7606208247946 -12.679467499940916
NO RECON: -0.6904300825377735
saving!
67 -12.76428650090975 -12.680757517172456
NO RECON: -0.6904731224811715
saving!
68 -12.776558892198782 -12.6946265706113
NO RECON: -0.6904227020273592
saving!
69 -12.79310655166315 -12.704528742548026
NO RECON: -0.6904103321287459
saving!
70 -12.79837312966273 -12.717763673990131
NO RECON: -0.6904604176831382
71 -12.804845410445418 -12.7163325542526
NO RECON: -0.6905011464958183
saving!
72 -12.81110682764663 -12.739108599748146
NO RECON: -0.6903716286013843
saving!
73 -12.831735081777804 -12.750344154619391
NO RECON: -0.6904823840951296
74 -12.836593517840287 -12.740437477926879
NO RECON: -0.690441527932941
saving!
75 -12.850452102698986 -12.759442692264216
NO RECON: -0.6904658056607014
saving!
76 -12.855838718321113 -12.78748489299179
NO RECON: -0.6904203428171729
saving!
77 -12.869394611978917 -12.79322992711749
NO RECON: -0.6904122290567873
saving!
78 -12.875819997987126 -12.7965078745789
NO RECON: -0.6903696360485618
saving!
79 -12.876422431708328 -12.805519483051482
NO RECON: -0.6904609437279903
80 -12.888727054828419 -12.800289898578852
NO RECON: -0.690414349153814
saving!
81 -12.890679452053597 -12.816672667769824
NO RECON: -0.6903257204164654
saving!
82 -12.91257501601432 -12.83498801035358
NO RECON: -0.6905247390943104
saving!
83 -12.90370665346355 -12.841428726833353
NO RECON: -0.690452973358272
84 -12.932959121449441 -12.832982739516805
NO RECON: -0.6905350369849139
saving!
85 -12.933494877797783 -12.846216198140038
NO RECON: -0.6904658534830171
saving!
86 -12.943487986186781 -12.849252273812253
NO RECON: -0.6904439190360189
saving!
87 -12.949476779017157 -12.86897824676826
NO RECON: -0.6904393600006218
saving!
88 -12.957775740218015 -12.903339392486906
NO RECON: -0.6903582546043645
89 -12.967637436173176 -12.88354542176746
NO RECON: -0.6904038443222958
90 -12.965733186568272 -12.89679555921391
NO RECON: -0.6903774946822012
91 -12.985383624109657 -12.902195993214372
NO RECON: -0.6903868039136749
saving!
92 -12.999065340484089 -12.925127621202524
NO RECON: -0.6904642594061016
93 -13.002370617896926 -12.916645609972164
NO RECON: -0.6904825753851273
94 -13.004513659648055 -12.914698523307266
NO RECON: -0.6904185574697754
saving!
95 -13.026169791454267 -12.954084008052359
NO RECON: -0.6903437807660319
saving!
96 -13.024726011453447 -12.958627162175638
NO RECON: -0.6903954755445056
saving!
97 -13.039005210850284 -12.959354724447625
NO RECON: -0.6904973206811122
saving!
98 -13.046146219411394 -12.963703994167044
NO RECON: -0.6903799016904809
99 -13.057499288030796 -12.962585276588062
NO RECON: -0.6905311633173172
saving!
100 -13.056775127639606 -12.9893604425536
NO RECON: -0.6903251146867138
101 -13.063818389133868 -12.973518184517081
NO RECON: -0.6903611238731989
saving!
102 -13.074748260392159 -13.012987289260433
NO RECON: -0.6903267884138654
103 -13.08641362247174 -13.00694770814626
NO RECON: -0.6904615972989561
saving!
104 -13.094510491293573 -13.021275177379728
NO RECON: -0.6903667667741036
105 -13.100725246094655 -13.020526775681262
NO RECON: -0.6904552847639844
saving!
106 -13.105307109425887 -13.047035159093568
NO RECON: -0.6904553007047176
107 -13.114688051399257 -13.027831486239677
NO RECON: -0.6904769004521222
saving!
108 -13.1222601720136 -13.048360031441808
NO RECON: -0.6903930047655749
saving!
109 -13.141012164881992 -13.07708654628424
NO RECON: -0.6903911078459302
110 -13.149973408702342 -13.040079540812995
NO RECON: -0.6904237541079907
saving!
111 -13.155220654328975 -13.078280009610165
NO RECON: -0.6904306404602365
112 -13.16416695195526 -13.076032683679554
NO RECON: -0.6904366500867442
saving!
113 -13.15718698828966 -13.101192050890242
NO RECON: -0.6904434726966777
114 -13.180656016000993 -13.099530588628198
NO RECON: -0.6904851259192303
saving!
115 -13.177937048144665 -13.105832236020031
NO RECON: -0.690411782720703
saving!
116 -13.19283616301352 -13.112351849229896
NO RECON: -0.6904062035235198
117 -13.205148133568274 -13.107498318766297
NO RECON: -0.6904373833573911
saving!
118 -13.195621211485744 -13.147846137138897
NO RECON: -0.6904503590801901
119 -13.21967215105164 -13.124825872879367
NO RECON: -0.6905382411323269
120 -13.217684018153921 -13.136619899117239
NO RECON: -0.6903831854257824
saving!
121 -13.230387020609545 -13.168227219379036
NO RECON: -0.6904107306429718
122 -13.242395546188163 -13.150379713717001
NO RECON: -0.6904182864796095
123 -13.24433588954157 -13.162520485568812
NO RECON: -0.6905319922500099
124 -13.251026732681954 -13.152848534198585
NO RECON: -0.6903749442113073
saving!
125 -13.257775145042585 -13.178959499779683
NO RECON: -0.6905115877989366
saving!
126 -13.26963487537174 -13.19112143010696
NO RECON: -0.6903791046677243
127 -13.273887378393646 -13.188677976600811
NO RECON: -0.6904147795495776
128 -13.280065620882374 -13.188850667071428
NO RECON: -0.690378514870978
saving!
129 -13.289947133869129 -13.200285466087953
NO RECON: -0.6904925384174696
130 -13.30210974600993 -13.198372793771115
NO RECON: -0.6903394131194456
saving!
131 -13.314767174708933 -13.236394367739067
NO RECON: -0.6903950132696313
132 -13.318577019266213 -13.227158619133819
NO RECON: -0.6904143810349804
saving!
133 -13.313618774654785 -13.243935059596975
NO RECON: -0.6905493042266413
134 -13.3281360948695 -13.232918670045047
NO RECON: -0.6904598278753491
saving!
135 -13.337943383938907 -13.254447082814632
NO RECON: -0.6903703693078943
saving!
136 -13.34951670560324 -13.271788869285837
NO RECON: -0.6905741086154565
137 -13.345672263900374 -13.270491514290203
NO RECON: -0.6905046056728491
saving!
138 -13.351943415746208 -13.273821513637094
NO RECON: -0.6903576169893251
139 -13.368526148804298 -13.271885465799482
NO RECON: -0.6904948179624824
saving!
140 -13.384217293195134 -13.291396212819858
NO RECON: -0.6904555238749904
saving!
141 -13.376206130545965 -13.323612833489841
NO RECON: -0.6904345459194877
142 -13.390978674129281 -13.29531680143235
NO RECON: -0.6904983727798204
143 -13.404733196744152 -13.322032051327493
NO RECON: -0.6905326777137026
saving!
144 -13.399170909959913 -13.335324025334813
NO RECON: -0.6903963044513004
145 -13.410473587851646 -13.332176066642376
NO RECON: -0.6905220450681361
saving!
146 -13.42395432950956 -13.33834758258655
NO RECON: -0.6905076344476273
saving!
147 -13.424467337100873 -13.362535328281995
NO RECON: -0.690451172056742
148 -13.440465714487333 -13.350327488727558
NO RECON: -0.6903716923630899
149 -13.45218541844537 -13.329605853865322
NO RECON: -0.6905185699362487
saving!
150 -13.45767212192801 -13.36787485585291
NO RECON: -0.6904449073590092
saving!
151 -13.454554094529797 -13.372085882795158
NO RECON: -0.6904407787209142
saving!
152 -13.469084313709118 -13.38736246736196
NO RECON: -0.6904185734103738
153 -13.480999367707533 -13.380060324537384
NO RECON: -0.6904245989608038
saving!
154 -13.490096663603294 -13.389421472921866
NO RECON: -0.6903930525870892
saving!
155 -13.492272817089377 -13.41519979527509
NO RECON: -0.6904467405393444
saving!
156 -13.500910056037803 -13.426800319369555
NO RECON: -0.6903227395892924
157 -13.499559479106757 -13.412108572620998
NO RECON: -0.6904903704596865
saving!
158 -13.513625913821095 -13.436738810372502
NO RECON: -0.690457596170927
saving!
159 -13.529617249110277 -13.439674712783267
NO RECON: -0.690429317387083
saving!
160 -13.51846445651788 -13.456482544765898
NO RECON: -0.6903996519611201
161 -13.532950061436214 -13.42936138703215
NO RECON: -0.6903641047267178
162 -13.542962647218278 -13.43673590402046
NO RECON: -0.6904659013053337
163 -13.5492105940593 -13.44957325411793
NO RECON: -0.6904401092124036
saving!
164 -13.552250710735045 -13.461968519488654
NO RECON: -0.6904510764124341
saving!
165 -13.554534807540943 -13.463064173328574
NO RECON: -0.6903493758233682
saving!
166 -13.582943150987175 -13.463648074101114
NO RECON: -0.6904409221870367
saving!
167 -13.592688575686612 -13.482412330007474
NO RECON: -0.6903826434498821
saving!
168 -13.578001181362263 -13.505521726723469
NO RECON: -0.6903036750959702
saving!
169 -13.59869140548967 -13.512834354466614
NO RECON: -0.6903525320127379
saving!
170 -13.591003511865479 -13.524570539598129
NO RECON: -0.6905475825905162
171 -13.608556219731245 -13.506449103481897
NO RECON: -0.690506789578661
172 -13.607453807287085 -13.519093307693144
NO RECON: -0.6904538660389531
173 -13.60857511928505 -13.51773362247095
NO RECON: -0.6904109697515247
saving!
174 -13.622336338817346 -13.53321066416327
NO RECON: -0.6903390783729908
saving!
175 -13.6231912782562 -13.534225644237265
NO RECON: -0.6903667508336948
saving!
176 -13.629673977936637 -13.534643995884771
NO RECON: -0.6904273088671617
saving!
177 -13.640460196058308 -13.54909236570567
saving results to res/models/model=ALISTA__m=100__s=8__k=12__noise=GaussianNoise10__n=256/train_log
Done.
Running: model=ALISTA__m=100__s=8__k=14__noise=GaussianNoise10__n=256
m
100
[628 285 809 540 237 473 495 743 489 547 745 576 299 666 567 453 449 754
 793 417 546 681 421 343 561 213 217 214 427 547 252 572 216 542 221 749
 395 523 714 747 555 674 403 662 768 474 450 746 348 294 270 345 338 773
 723 702 417 439 498 432 514 524 739 415 775 441 359 722 577 384 309 281
 648 615 476 787 626 488 213 219 317 602 802 753 633 521 756 557 233 487
 795 568 529 746 415 438 663 231 348 453]
NO RECON: -0.6905321994832085
saving!
0 -10.869641936240262 -11.171987976219107
NO RECON: -0.6903980260274569
saving!
1 -11.489498445856386 -11.685285686697
NO RECON: -0.6903835042351671
saving!
2 -11.908934715097521 -12.003305699328909
NO RECON: -0.6903789930845499
saving!
3 -12.174033080412205 -12.17953067850324
NO RECON: -0.6905025971181089
saving!
4 -12.319253678932991 -12.31690403829191
NO RECON: -0.6904630479080366
saving!
5 -12.433706351302403 -12.414713139471987
NO RECON: -0.6904209166789922
saving!
6 -12.519940998796262 -12.485245080773325
NO RECON: -0.6904680054877819
saving!
7 -12.596730690470114 -12.55027629590279
NO RECON: -0.6905074272156014
saving!
8 -12.6588200353208 -12.608731400037813
NO RECON: -0.6904806943671862
saving!
9 -12.706764258376877 -12.648680523795605
NO RECON: -0.6903621918793047
saving!
10 -12.750126822415972 -12.684619414688957
NO RECON: -0.6904581222154373
saving!
11 -12.780559863304351 -12.732432642365145
NO RECON: -0.6904206775698916
saving!
12 -12.814623111629551 -12.7412333577285
NO RECON: -0.6903346310296805
saving!
13 -12.850303815301158 -12.79524236696349
NO RECON: -0.6902874161460476
saving!
14 -12.873254832382838 -12.798115468092544
NO RECON: -0.6904309114511733
saving!
15 -12.894701339162717 -12.827829144469643
NO RECON: -0.6904000823554273
saving!
16 -12.915271961624475 -12.848947910718172
NO RECON: -0.6904491635267139
saving!
17 -12.941795253353101 -12.87163979736752
NO RECON: -0.6905026768226439
saving!
18 -12.959046818497768 -12.884591022674321
NO RECON: -0.6903596892385445
saving!
19 -12.969148144269571 -12.908005349797676
NO RECON: -0.6904540892091524
saving!
20 -12.988643776033161 -12.923160319389055
NO RECON: -0.6904615016544186
saving!
21 -13.001559965383102 -12.940387470912873
NO RECON: -0.6904950411347859
saving!
22 -13.027831607037932 -12.9496955471593
NO RECON: -0.6904758164769982
saving!
23 -13.034543531400002 -12.983948072759013
NO RECON: -0.6903457733069919
24 -13.054456723612894 -12.983161347410196
NO RECON: -0.6904100930202279
saving!
25 -13.066479952504896 -12.99399602388304
NO RECON: -0.6904598438160993
saving!
26 -13.080439328579192 -13.004312045533318
NO RECON: -0.6903839824492884
saving!
27 -13.087418652870895 -13.013348867615013
NO RECON: -0.690460927787236
saving!
28 -13.101066511388595 -13.033404577559274
